【登录信息】
*0a62c18e26790886093c447330334361*
`登陆天数: 40天 / 678天
等级: 130
石头: 4099
呼符: 59
体力: 25.950000000000003 / 138
友情点: 0 / 386205`
_2024-07-02 04:08:27_
--------
*794b11a146cf4e5bfd8bf1dfb37f8cf5*
`登陆天数: 40天 / 678天
等级: 130
石头: 4106
呼符: 323
体力: 25.926666666666662 / 138
友情点: 0 / 361575`
_2024-07-02 04:08:35_
--------
*869935bdb3f557990e9463c39a5fc84e*
`登陆天数: 40天 / 678天
等级: 130
石头: 4096
呼符: 329
体力: 25.89666666666666 / 138
友情点: 0 / 359460`
_2024-07-02 04:08:43_
--------
*4204891a7ad304e59437ba6e9fcf888d*
`登陆天数: 40天 / 678天
等级: 130
石头: 4104
呼符: 308
体力: 25.870000000000005 / 138
友情点: 0 / 360075`
_2024-07-02 04:08:51_
--------
*612a2ba04fa9b4b4eae112c013e39283*
`登陆天数: 40天 / 677天
等级: 130
石头: 4101
呼符: 43
体力: 25.843333333333334 / 138
友情点: 0 / 402590`
_2024-07-02 04:09:00_
--------
*e33b82ae8f432438164e3188479adfd4*
`登陆天数: 40天 / 677天
等级: 130
石头: 4052
呼符: 329
体力: 25.819999999999993 / 138
友情点: 0 / 362420`
_2024-07-02 04:09:08_
--------
*5cb3fc21ffde8ff97331bf2bc615f922*
`登陆天数: 40天 / 677天
等级: 130
石头: 4099
呼符: 111
体力: 25.790000000000006 / 138
友情点: 0 / 381555`
_2024-07-02 04:09:16_
--------
*1424fb88578fb0510168b43bdb942bdd*
`登陆天数: 40天 / 677天
等级: 130
石头: 4099
呼符: 77
体力: 25.766666666666666 / 138
友情点: 0 / 387355`
_2024-07-02 04:09:25_
--------
*2348592468fe7a90dffabbca982e5b10*
`登陆天数: 40天 / 677天
等级: 130
石头: 4098
呼符: 43
体力: 25.739999999999995 / 138
友情点: 0 / 386740`
_2024-07-02 04:09:33_
--------
*9b233ec48f0aebf215db9099f75e2314*
`登陆天数: 40天 / 678天
等级: 130
石头: 4092
呼符: 340
体力: 25.72 / 138
友情点: 0 / 360985`
_2024-07-02 04:09:41_
--------
*fd318cb78011cd5d1af546eeb7bb4b94*
`登陆天数: 40天 / 678天
等级: 130
石头: 4057
呼符: 337
体力: 25.686666666666667 / 138
友情点: 0 / 359750`
_2024-07-02 04:09:49_
--------
*692604e9941cbeec2b0b3ee54ae7804d*
`登陆天数: 40天 / 678天
等级: 130
石头: 4097
呼符: 274
体力: 25.663333333333327 / 138
友情点: 0 / 359675`
_2024-07-02 04:09:57_
--------
*19b0e1a2228ce591e28b0d022b6da1ca*
`登陆天数: 40天 / 678天
等级: 130
石头: 4102
呼符: 94
体力: 25.63666666666667 / 138
友情点: 0 / 392560`
_2024-07-02 04:10:05_
--------
*19ef3504c876bd29e4c5eb178d504bca*
`登陆天数: 40天 / 677天
等级: 130
石头: 4077
呼符: 285
体力: 25.61 / 138
友情点: 0 / 359950`
_2024-07-02 04:10:13_
--------
*5e2131975b61e566df8ab7d3533f01d2*
`登陆天数: 40天 / 677天
等级: 130
石头: 4100
呼符: 222
体力: 25.58333333333333 / 138
友情点: 0 / 362150`
_2024-07-02 04:10:21_
--------
*77183952f89cd2befcb60d93f6f3b0fb*
`登陆天数: 40天 / 677天
等级: 130
石头: 4096
呼符: 137
体力: 25.556666666666672 / 138
友情点: 0 / 381935`
_2024-07-02 04:10:30_
--------
*a2d111d33adad87037fe3d9ae11c00ef*
`登陆天数: 40天 / 677天
等级: 130
石头: 4098
呼符: 43
体力: 25.53666666666666 / 138
友情点: 0 / 390035`
_2024-07-02 04:10:38_
--------
*92b9264415d56def0af7b3d01e734896*
`登陆天数: 41天 / 679天
等级: 130
石头: 4107
呼符: 300
体力: 25.513333333333335 / 138
友情点: 0 / 359315`
_2024-07-02 04:10:46_
--------
*d95136c6a9962e3429ac9025bc2be43d*
`登陆天数: 41天 / 678天
等级: 130
石头: 4101
呼符: 179
体力: 25.483333333333334 / 138
友情点: 0 / 368440`
_2024-07-02 04:10:54_
--------
*c1903336d6a4a100128eb0db008e7338*
`登陆天数: 40天 / 678天
等级: 130
石头: 4090
呼符: 226
体力: 25.459999999999994 / 138
友情点: 0 / 366520`
_2024-07-02 04:11:02_
--------
*e86d748fa3290322649a8680760f0519*
`登陆天数: 40天 / 677天
等级: 130
石头: 4103
呼符: 190
体力: 25.436666666666667 / 138
友情点: 0 / 362190`
_2024-07-02 04:11:11_
--------
*25c4b0f5786e8cbae7de775e47ea797d*
`登陆天数: 40天 / 677天
等级: 130
石头: 4106
呼符: 136
体力: 25.409999999999997 / 138
友情点: 0 / 380295`
_2024-07-02 04:11:19_
--------
*c94f8fb36a40f6022e81c3fac4426aa0*
`登陆天数: 40天 / 677天
等级: 130
石头: 4080
呼符: 99
体力: 25.38666666666667 / 138
友情点: 0 / 378335`
_2024-07-02 04:11:27_
--------
*55ddef8f1bc8f01e1753b3e72dc30a5f*
`登陆天数: 40天 / 677天
等级: 130
石头: 4088
呼符: 329
体力: 25.36666666666666 / 138
友情点: 0 / 360505`
_2024-07-02 04:11:35_
--------
*16decacabe495a74848cfc1b7124673d*
`登陆天数: 40天 / 678天
等级: 130
石头: 4087
呼符: 304
体力: 25.340000000000003 / 138
友情点: 0 / 361800`
_2024-07-02 04:11:43_
--------
*f287e413d279c4ebbef4732751cab640*
`登陆天数: 40天 / 677天
等级: 130
石头: 4097
呼符: 172
体力: 25.310000000000002 / 138
友情点: 0 / 370750`
_2024-07-02 04:11:52_
--------
*57cf3a3a73d2edebd9f130be3d16efa8*
`登陆天数: 40天 / 677天
等级: 130
石头: 4100
呼符: 337
体力: 25.290000000000006 / 138
友情点: 0 / 360770`
_2024-07-02 04:12:00_
--------
*d350c31765994643f0e6ddea1e9d06bc*
`登陆天数: 40天 / 677天
等级: 130
石头: 4096
呼符: 63
体力: 25.263333333333335 / 138
友情点: 0 / 383985`
_2024-07-02 04:12:08_
--------
*4e55cf445ee0c2ef6253265cd6a3a929*
`登陆天数: 40天 / 678天
等级: 130
石头: 4080
呼符: 280
体力: 25.236666666666665 / 138
友情点: 0 / 362230`
_2024-07-02 04:12:16_
--------
*dad5adc84ce5abe077fda114f16a9d05*
`登陆天数: 40天 / 678天
等级: 130
石头: 4092
呼符: 339
体力: 25.209999999999994 / 138
友情点: 0 / 360680`
_2024-07-02 04:12:24_
--------
*921d1c4ed87ac1ab10c1b0a04bd2c8ed*
`登陆天数: 40天 / 677天
等级: 130
石头: 4099
呼符: 205
体力: 25.183333333333337 / 138
友情点: 0 / 361000`
_2024-07-02 04:12:32_
--------
*40f3d861aee0cf84d4a0840d8c372a5b*
`登陆天数: 40天 / 678天
等级: 130
石头: 4103
呼符: 44
体力: 25.153333333333336 / 138
友情点: 0 / 383945`
_2024-07-02 04:12:41_
--------
*603275524416c3912f5024c92d0f961c*
`登陆天数: 40天 / 678天
等级: 130
石头: 4096
呼符: 128
体力: 25.13333333333334 / 138
友情点: 0 / 371960`
_2024-07-02 04:12:49_
--------
*8bf7f0b496e73e90108108064c8d1025*
`登陆天数: 40天 / 678天
等级: 130
石头: 4103
呼符: 325
体力: 25.11 / 138
友情点: 0 / 360470`
_2024-07-02 04:12:57_
--------
*b38de19acd62fb60fb8f48094a7e6813*
`登陆天数: 40天 / 677天
等级: 130
石头: 4089
呼符: 283
体力: 25.08333333333333 / 138
友情点: 0 / 363815`
_2024-07-02 04:13:05_
--------
*f6068f076a4e7f9a194989fc309aa340*
`登陆天数: 40天 / 678天
等级: 130
石头: 4096
呼符: 306
体力: 25.056666666666672 / 138
友情点: 0 / 362150`
_2024-07-02 04:13:13_
--------
*3d3c0c635910338891ca3735b496d68b*
`登陆天数: 40天 / 678天
等级: 130
石头: 4102
呼符: 270
体力: 25.03 / 138
友情点: 0 / 361440`
_2024-07-02 04:13:21_
--------
*f85936368c865168333f51d37af18328*
`登陆天数: 40天 / 677天
等级: 130
石头: 4104
呼符: 311
体力: 25.0 / 138
友情点: 0 / 360415`
_2024-07-02 04:13:29_
--------
*0e127942d2b21f0f50bb59b200354392*
`登陆天数: 40天 / 677天
等级: 130
石头: 4056
呼符: 43
体力: 24.97333333333333 / 138
友情点: 0 / 382935`
_2024-07-02 04:13:37_
--------
*9278fb48ad8e6de8eea81e0bacf56a50*
`登陆天数: 40天 / 677天
等级: 130
石头: 4071
呼符: 334
体力: 24.950000000000003 / 138
友情点: 0 / 361065`
_2024-07-02 04:13:46_
--------
*fccb293dd278a1ddbe1c4e640e5d8090*
`登陆天数: 40天 / 677天
等级: 130
石头: 4105
呼符: 53
体力: 24.926666666666662 / 138
友情点: 0 / 384425`
_2024-07-02 04:13:54_
--------
*e26c99efcc945ff9fce53bea9cbbd044*
`登陆天数: 40天 / 677天
等级: 130
石头: 4087
呼符: 158
体力: 24.903333333333336 / 138
友情点: 0 / 368595`
_2024-07-02 04:14:02_
--------
*fc7a7e0a25e6e85660990a6936b8a0f0*
`登陆天数: 40天 / 677天
等级: 130
石头: 4104
呼符: 313
体力: 24.876666666666665 / 138
友情点: 0 / 361775`
_2024-07-02 04:14:11_
--------
*cebfff55ba19ca3a7e5a1f3940a83ac0*
`登陆天数: 40天 / 677天
等级: 130
石头: 4099
呼符: 248
体力: 24.85333333333334 / 138
友情点: 0 / 361585`
_2024-07-02 04:14:19_
--------
*6767965d649129adb0955418f8601cee*
`登陆天数: 40天 / 677天
等级: 130
石头: 4097
呼符: 292
体力: 24.823333333333338 / 138
友情点: 0 / 365925`
_2024-07-02 04:14:27_
--------
*979aafaf82d347a492d0bbf372a5b43a*
`登陆天数: 40天 / 678天
等级: 130
石头: 4095
呼符: 44
体力: 24.796666666666667 / 138
友情点: 0 / 392405`
_2024-07-02 04:14:35_
--------
*2447b142c61b9ad7ceaac321c88153cb*
`登陆天数: 40天 / 678天
等级: 130
石头: 4098
呼符: 330
体力: 24.773333333333326 / 138
友情点: 0 / 359640`
_2024-07-02 04:14:43_
--------
*58e2bbca08853ce0bb8071a5e9d0ee89*
`登陆天数: 40天 / 677天
等级: 130
石头: 4090
呼符: 151
体力: 24.74666666666667 / 138
友情点: 0 / 385065`
_2024-07-02 04:14:52_
--------
*25d49ff78b6eb76ebd8cdee0b5df4e05*
`登陆天数: 40天 / 678天
等级: 130
石头: 4100
呼符: 212
体力: 24.71333333333334 / 138
友情点: 0 / 365655`
_2024-07-02 04:15:00_
--------
*d4e316ee7b1f93fb6a25aae62d13847d*
`登陆天数: 40天 / 678天
等级: 130
石头: 4095
呼符: 294
体力: 24.296666666666667 / 138
友情点: 0 / 377320`
_2024-07-02 04:15:08_
--------
