【登录信息】
*0a62c18e26790886093c447330334361*
`登陆天数: 19天 / 657天
等级: 130
石头: 4010
呼符: 40
体力: 17332.81 / 138
友情点: 0 / 466205`
*連続ログイン5日目
※ログインが途切れるか、7日到達すると
1日目から再開されます*
`叡智の業火 X 2
6月交換券(2024) X 1
`*螺旋証明世界 リリムハーロット ～喝采なき薔薇～ アンケート復刻版
開幕記念 ログインボーナス*
*開催期間中、1日1回 最大21回 ログインボーナスをプレゼント！*
`白銀の果実 X 1
`_2024-06-11 04:32:49_
--------
*794b11a146cf4e5bfd8bf1dfb37f8cf5*
`登陆天数: 19天 / 657天
等级: 130
石头: 4017
呼符: 304
体力: 17332.836666666666 / 138
友情点: 0 / 467575`
*連続ログイン5日目
※ログインが途切れるか、7日到達すると
1日目から再開されます*
`叡智の業火 X 2
6月交換券(2024) X 1
`*螺旋証明世界 リリムハーロット ～喝采なき薔薇～ アンケート復刻版
開幕記念 ログインボーナス*
*開催期間中、1日1回 最大21回 ログインボーナスをプレゼント！*
`白銀の果実 X 1
`_2024-06-11 04:32:57_
--------
*869935bdb3f557990e9463c39a5fc84e*
`登陆天数: 19天 / 657天
等级: 130
石头: 4007
呼符: 310
体力: 17332.863333333335 / 138
友情点: 0 / 465460`
*連続ログイン5日目
※ログインが途切れるか、7日到達すると
1日目から再開されます*
`叡智の業火 X 2
6月交換券(2024) X 1
`*螺旋証明世界 リリムハーロット ～喝采なき薔薇～ アンケート復刻版
開幕記念 ログインボーナス*
*開催期間中、1日1回 最大21回 ログインボーナスをプレゼント！*
`白銀の果実 X 1
`_2024-06-11 04:33:04_
--------
*4204891a7ad304e59437ba6e9fcf888d*
`登陆天数: 19天 / 657天
等级: 130
石头: 4015
呼符: 289
体力: 17332.89 / 138
友情点: 0 / 466075`
*連続ログイン5日目
※ログインが途切れるか、7日到達すると
1日目から再開されます*
`叡智の業火 X 2
6月交換券(2024) X 1
`*螺旋証明世界 リリムハーロット ～喝采なき薔薇～ アンケート復刻版
開幕記念 ログインボーナス*
*開催期間中、1日1回 最大21回 ログインボーナスをプレゼント！*
`白銀の果実 X 1
`_2024-06-11 04:33:12_
--------
*612a2ba04fa9b4b4eae112c013e39283*
`登陆天数: 19天 / 656天
等级: 130
石头: 4010
呼符: 24
体力: 17332.913333333334 / 138
友情点: 0 / 468590`
*連続ログイン5日目
※ログインが途切れるか、7日到達すると
1日目から再開されます*
`叡智の業火 X 2
6月交換券(2024) X 1
`*螺旋証明世界 リリムハーロット ～喝采なき薔薇～ アンケート復刻版
開幕記念 ログインボーナス*
*開催期間中、1日1回 最大21回 ログインボーナスをプレゼント！*
`白銀の果実 X 1
`_2024-06-11 04:33:20_
--------
*e33b82ae8f432438164e3188479adfd4*
`登陆天数: 19天 / 656天
等级: 130
石头: 3961
呼符: 310
体力: 17332.94 / 138
友情点: 0 / 468420`
*連続ログイン5日目
※ログインが途切れるか、7日到達すると
1日目から再開されます*
`叡智の業火 X 2
6月交換券(2024) X 1
`*螺旋証明世界 リリムハーロット ～喝采なき薔薇～ アンケート復刻版
開幕記念 ログインボーナス*
*開催期間中、1日1回 最大21回 ログインボーナスをプレゼント！*
`白銀の果実 X 1
`_2024-06-11 04:33:28_
--------
*5cb3fc21ffde8ff97331bf2bc615f922*
`登陆天数: 19天 / 656天
等级: 130
石头: 4008
呼符: 92
体力: 17332.966666666667 / 138
友情点: 0 / 469555`
*連続ログイン5日目
※ログインが途切れるか、7日到達すると
1日目から再開されます*
`叡智の業火 X 2
6月交換券(2024) X 1
`*螺旋証明世界 リリムハーロット ～喝采なき薔薇～ アンケート復刻版
開幕記念 ログインボーナス*
*開催期間中、1日1回 最大21回 ログインボーナスをプレゼント！*
`白銀の果実 X 1
`_2024-06-11 04:33:35_
--------
*1424fb88578fb0510168b43bdb942bdd*
`登陆天数: 19天 / 656天
等级: 130
石头: 4008
呼符: 58
体力: 17332.993333333332 / 138
友情点: 0 / 469355`
*連続ログイン5日目
※ログインが途切れるか、7日到達すると
1日目から再開されます*
`叡智の業火 X 2
6月交換券(2024) X 1
`*螺旋証明世界 リリムハーロット ～喝采なき薔薇～ アンケート復刻版
開幕記念 ログインボーナス*
*開催期間中、1日1回 最大21回 ログインボーナスをプレゼント！*
`白銀の果実 X 1
`_2024-06-11 04:33:43_
--------
*2348592468fe7a90dffabbca982e5b10*
`登陆天数: 19天 / 656天
等级: 130
石头: 4007
呼符: 24
体力: 17333.02 / 138
友情点: 0 / 470740`
*連続ログイン5日目
※ログインが途切れるか、7日到達すると
1日目から再開されます*
`叡智の業火 X 2
6月交換券(2024) X 1
`*螺旋証明世界 リリムハーロット ～喝采なき薔薇～ アンケート復刻版
開幕記念 ログインボーナス*
*開催期間中、1日1回 最大21回 ログインボーナスをプレゼント！*
`白銀の果実 X 1
`_2024-06-11 04:33:51_
--------
*9b233ec48f0aebf215db9099f75e2314*
`登陆天数: 19天 / 657天
等级: 130
石头: 4003
呼符: 321
体力: 17333.043333333335 / 138
友情点: 0 / 466985`
*連続ログイン5日目
※ログインが途切れるか、7日到達すると
1日目から再開されます*
`叡智の業火 X 2
6月交換券(2024) X 1
`*螺旋証明世界 リリムハーロット ～喝采なき薔薇～ アンケート復刻版
開幕記念 ログインボーナス*
*開催期間中、1日1回 最大21回 ログインボーナスをプレゼント！*
`白銀の果実 X 1
`_2024-06-11 04:33:59_
--------
*fd318cb78011cd5d1af546eeb7bb4b94*
`登陆天数: 19天 / 657天
等级: 130
石头: 3968
呼符: 318
体力: 17333.07 / 138
友情点: 0 / 465750`
*連続ログイン5日目
※ログインが途切れるか、7日到達すると
1日目から再開されます*
`叡智の業火 X 2
6月交換券(2024) X 1
`*螺旋証明世界 リリムハーロット ～喝采なき薔薇～ アンケート復刻版
開幕記念 ログインボーナス*
*開催期間中、1日1回 最大21回 ログインボーナスをプレゼント！*
`白銀の果実 X 1
`_2024-06-11 04:34:06_
--------
*692604e9941cbeec2b0b3ee54ae7804d*
`登陆天数: 19天 / 657天
等级: 130
石头: 4008
呼符: 255
体力: 17333.096666666668 / 138
友情点: 0 / 465675`
*連続ログイン5日目
※ログインが途切れるか、7日到達すると
1日目から再開されます*
`叡智の業火 X 2
6月交換券(2024) X 1
`*螺旋証明世界 リリムハーロット ～喝采なき薔薇～ アンケート復刻版
開幕記念 ログインボーナス*
*開催期間中、1日1回 最大21回 ログインボーナスをプレゼント！*
`白銀の果実 X 1
`_2024-06-11 04:34:14_
--------
*19b0e1a2228ce591e28b0d022b6da1ca*
`登陆天数: 19天 / 657天
等级: 130
石头: 4013
呼符: 75
体力: 17333.116666666665 / 138
友情点: 0 / 466560`
*連続ログイン5日目
※ログインが途切れるか、7日到達すると
1日目から再開されます*
`叡智の業火 X 2
6月交換券(2024) X 1
`*螺旋証明世界 リリムハーロット ～喝采なき薔薇～ アンケート復刻版
開幕記念 ログインボーナス*
*開催期間中、1日1回 最大21回 ログインボーナスをプレゼント！*
`白銀の果実 X 1
`_2024-06-11 04:34:22_
--------
*19ef3504c876bd29e4c5eb178d504bca*
`登陆天数: 19天 / 656天
等级: 130
石头: 3986
呼符: 266
体力: 17333.146666666667 / 138
友情点: 0 / 467950`
*連続ログイン5日目
※ログインが途切れるか、7日到達すると
1日目から再開されます*
`叡智の業火 X 2
6月交換券(2024) X 1
`*螺旋証明世界 リリムハーロット ～喝采なき薔薇～ アンケート復刻版
開幕記念 ログインボーナス*
*開催期間中、1日1回 最大21回 ログインボーナスをプレゼント！*
`白銀の果実 X 1
`_2024-06-11 04:34:30_
--------
*5e2131975b61e566df8ab7d3533f01d2*
`登陆天数: 19天 / 656天
等级: 130
石头: 4009
呼符: 203
体力: 17333.173333333332 / 138
友情点: 0 / 468150`
*連続ログイン5日目
※ログインが途切れるか、7日到達すると
1日目から再開されます*
`叡智の業火 X 2
6月交換券(2024) X 1
`*螺旋証明世界 リリムハーロット ～喝采なき薔薇～ アンケート復刻版
開幕記念 ログインボーナス*
*開催期間中、1日1回 最大21回 ログインボーナスをプレゼント！*
`白銀の果実 X 1
`_2024-06-11 04:34:37_
--------
*77183952f89cd2befcb60d93f6f3b0fb*
`登陆天数: 19天 / 656天
等级: 130
石头: 4005
呼符: 118
体力: 17333.2 / 138
友情点: 0 / 467935`
*連続ログイン5日目
※ログインが途切れるか、7日到達すると
1日目から再開されます*
`叡智の業火 X 2
6月交換券(2024) X 1
`*螺旋証明世界 リリムハーロット ～喝采なき薔薇～ アンケート復刻版
開幕記念 ログインボーナス*
*開催期間中、1日1回 最大21回 ログインボーナスをプレゼント！*
`白銀の果実 X 1
`_2024-06-11 04:34:45_
--------
*a2d111d33adad87037fe3d9ae11c00ef*
`登陆天数: 19天 / 656天
等级: 130
石头: 4007
呼符: 24
体力: 17333.226666666666 / 138
友情点: 0 / 468035`
*連続ログイン5日目
※ログインが途切れるか、7日到達すると
1日目から再開されます*
`叡智の業火 X 2
6月交換券(2024) X 1
`*螺旋証明世界 リリムハーロット ～喝采なき薔薇～ アンケート復刻版
開幕記念 ログインボーナス*
*開催期間中、1日1回 最大21回 ログインボーナスをプレゼント！*
`白銀の果実 X 1
`_2024-06-11 04:34:53_
--------
*92b9264415d56def0af7b3d01e734896*
`登陆天数: 20天 / 658天
等级: 130
石头: 4016
呼符: 281
体力: 17333.253333333334 / 138
友情点: 0 / 465315`
*連続ログイン6日目
※ログインが途切れるか、7日到達すると
1日目から再開されます*
`聖晶石 X 2
6月交換券(2024) X 1
`*螺旋証明世界 リリムハーロット ～喝采なき薔薇～ アンケート復刻版
開幕記念 ログインボーナス*
*開催期間中、1日1回 最大21回 ログインボーナスをプレゼント！*
`白銀の果実 X 1
`_2024-06-11 04:35:01_
--------
*d95136c6a9962e3429ac9025bc2be43d*
`登陆天数: 20天 / 657天
等级: 130
石头: 4008
呼符: 160
体力: 17333.27666666667 / 138
友情点: 0 / 468440`
*連続ログイン6日目
※ログインが途切れるか、7日到達すると
1日目から再開されます*
`聖晶石 X 2
6月交換券(2024) X 1
`*螺旋証明世界 リリムハーロット ～喝采なき薔薇～ アンケート復刻版
開幕記念 ログインボーナス*
*開催期間中、1日1回 最大21回 ログインボーナスをプレゼント！*
`白銀の果実 X 1
`_2024-06-11 04:35:09_
--------
*c1903336d6a4a100128eb0db008e7338*
`登陆天数: 19天 / 657天
等级: 130
石头: 4001
呼符: 207
体力: 17333.303333333333 / 138
友情点: 0 / 468520`
*連続ログイン5日目
※ログインが途切れるか、7日到達すると
1日目から再開されます*
`叡智の業火 X 2
6月交換券(2024) X 1
`*螺旋証明世界 リリムハーロット ～喝采なき薔薇～ アンケート復刻版
開幕記念 ログインボーナス*
*開催期間中、1日1回 最大21回 ログインボーナスをプレゼント！*
`白銀の果実 X 1
`_2024-06-11 04:35:17_
--------
*e86d748fa3290322649a8680760f0519*
`登陆天数: 19天 / 656天
等级: 130
石头: 4012
呼符: 171
体力: 17333.326666666668 / 138
友情点: 0 / 470190`
*連続ログイン5日目
※ログインが途切れるか、7日到達すると
1日目から再開されます*
`叡智の業火 X 2
6月交換券(2024) X 1
`*螺旋証明世界 リリムハーロット ～喝采なき薔薇～ アンケート復刻版
開幕記念 ログインボーナス*
*開催期間中、1日1回 最大21回 ログインボーナスをプレゼント！*
`白銀の果実 X 1
`_2024-06-11 04:35:24_
--------
*25c4b0f5786e8cbae7de775e47ea797d*
`登陆天数: 19天 / 656天
等级: 130
石头: 4015
呼符: 117
体力: 17333.353333333333 / 138
友情点: 0 / 468295`
*連続ログイン5日目
※ログインが途切れるか、7日到達すると
1日目から再開されます*
`叡智の業火 X 2
6月交換券(2024) X 1
`*螺旋証明世界 リリムハーロット ～喝采なき薔薇～ アンケート復刻版
開幕記念 ログインボーナス*
*開催期間中、1日1回 最大21回 ログインボーナスをプレゼント！*
`白銀の果実 X 1
`_2024-06-11 04:35:32_
--------
*c94f8fb36a40f6022e81c3fac4426aa0*
`登陆天数: 19天 / 656天
等级: 130
石头: 3989
呼符: 80
体力: 17333.38 / 138
友情点: 0 / 468335`
*連続ログイン5日目
※ログインが途切れるか、7日到達すると
1日目から再開されます*
`叡智の業火 X 2
6月交換券(2024) X 1
`*螺旋証明世界 リリムハーロット ～喝采なき薔薇～ アンケート復刻版
開幕記念 ログインボーナス*
*開催期間中、1日1回 最大21回 ログインボーナスをプレゼント！*
`白銀の果実 X 1
`_2024-06-11 04:35:41_
--------
*55ddef8f1bc8f01e1753b3e72dc30a5f*
`登陆天数: 19天 / 656天
等级: 130
石头: 3997
呼符: 310
体力: 17333.41 / 138
友情点: 0 / 468505`
*連続ログイン5日目
※ログインが途切れるか、7日到達すると
1日目から再開されます*
`叡智の業火 X 2
6月交換券(2024) X 1
`*螺旋証明世界 リリムハーロット ～喝采なき薔薇～ アンケート復刻版
開幕記念 ログインボーナス*
*開催期間中、1日1回 最大21回 ログインボーナスをプレゼント！*
`白銀の果実 X 1
`_2024-06-11 04:35:48_
--------
*16decacabe495a74848cfc1b7124673d*
`登陆天数: 19天 / 657天
等级: 130
石头: 3998
呼符: 285
体力: 17333.43666666667 / 138
友情点: 0 / 467800`
*連続ログイン5日目
※ログインが途切れるか、7日到達すると
1日目から再開されます*
`叡智の業火 X 2
6月交換券(2024) X 1
`*螺旋証明世界 リリムハーロット ～喝采なき薔薇～ アンケート復刻版
開幕記念 ログインボーナス*
*開催期間中、1日1回 最大21回 ログインボーナスをプレゼント！*
`白銀の果実 X 1
`_2024-06-11 04:35:56_
--------
*f287e413d279c4ebbef4732751cab640*
`登陆天数: 19天 / 656天
等级: 130
石头: 4006
呼符: 153
体力: 17333.45 / 138
友情点: 0 / 468750`
*連続ログイン5日目
※ログインが途切れるか、7日到達すると
1日目から再開されます*
`叡智の業火 X 2
6月交換券(2024) X 1
`*螺旋証明世界 リリムハーロット ～喝采なき薔薇～ アンケート復刻版
開幕記念 ログインボーナス*
*開催期間中、1日1回 最大21回 ログインボーナスをプレゼント！*
`白銀の果実 X 1
`_2024-06-11 04:36:04_
--------
*57cf3a3a73d2edebd9f130be3d16efa8*
`登陆天数: 19天 / 656天
等级: 130
石头: 4009
呼符: 318
体力: 17333.483333333334 / 138
友情点: 0 / 468770`
*連続ログイン5日目
※ログインが途切れるか、7日到達すると
1日目から再開されます*
`叡智の業火 X 2
6月交換券(2024) X 1
`*螺旋証明世界 リリムハーロット ～喝采なき薔薇～ アンケート復刻版
開幕記念 ログインボーナス*
*開催期間中、1日1回 最大21回 ログインボーナスをプレゼント！*
`白銀の果実 X 1
`_2024-06-11 04:36:12_
--------
*d350c31765994643f0e6ddea1e9d06bc*
`登陆天数: 19天 / 656天
等级: 130
石头: 4005
呼符: 44
体力: 17333.513333333332 / 138
友情点: 0 / 467985`
*連続ログイン5日目
※ログインが途切れるか、7日到達すると
1日目から再開されます*
`叡智の業火 X 2
6月交換券(2024) X 1
`*螺旋証明世界 リリムハーロット ～喝采なき薔薇～ アンケート復刻版
開幕記念 ログインボーナス*
*開催期間中、1日1回 最大21回 ログインボーナスをプレゼント！*
`白銀の果実 X 1
`_2024-06-11 04:36:19_
--------
*4e55cf445ee0c2ef6253265cd6a3a929*
`登陆天数: 19天 / 657天
等级: 130
石头: 3991
呼符: 261
体力: 17333.54 / 138
友情点: 0 / 468230`
*連続ログイン5日目
※ログインが途切れるか、7日到達すると
1日目から再開されます*
`叡智の業火 X 2
6月交換券(2024) X 1
`*螺旋証明世界 リリムハーロット ～喝采なき薔薇～ アンケート復刻版
開幕記念 ログインボーナス*
*開催期間中、1日1回 最大21回 ログインボーナスをプレゼント！*
`白銀の果実 X 1
`_2024-06-11 04:36:27_
--------
*dad5adc84ce5abe077fda114f16a9d05*
`登陆天数: 19天 / 657天
等级: 130
石头: 4003
呼符: 320
体力: 17333.56333333333 / 138
友情点: 0 / 466680`
*連続ログイン5日目
※ログインが途切れるか、7日到達すると
1日目から再開されます*
`叡智の業火 X 2
6月交換券(2024) X 1
`*螺旋証明世界 リリムハーロット ～喝采なき薔薇～ アンケート復刻版
開幕記念 ログインボーナス*
*開催期間中、1日1回 最大21回 ログインボーナスをプレゼント！*
`白銀の果実 X 1
`_2024-06-11 04:36:35_
--------
*921d1c4ed87ac1ab10c1b0a04bd2c8ed*
`登陆天数: 19天 / 656天
等级: 130
石头: 4008
呼符: 186
体力: 17333.59 / 138
友情点: 0 / 469000`
*連続ログイン5日目
※ログインが途切れるか、7日到達すると
1日目から再開されます*
`叡智の業火 X 2
6月交換券(2024) X 1
`*螺旋証明世界 リリムハーロット ～喝采なき薔薇～ アンケート復刻版
開幕記念 ログインボーナス*
*開催期間中、1日1回 最大21回 ログインボーナスをプレゼント！*
`白銀の果実 X 1
`_2024-06-11 04:36:43_
--------
*40f3d861aee0cf84d4a0840d8c372a5b*
`登陆天数: 19天 / 657天
等级: 130
石头: 4014
呼符: 25
体力: 17333.616666666665 / 138
友情点: 0 / 465945`
*連続ログイン5日目
※ログインが途切れるか、7日到達すると
1日目から再開されます*
`叡智の業火 X 2
6月交換券(2024) X 1
`*螺旋証明世界 リリムハーロット ～喝采なき薔薇～ アンケート復刻版
開幕記念 ログインボーナス*
*開催期間中、1日1回 最大21回 ログインボーナスをプレゼント！*
`白銀の果実 X 1
`_2024-06-11 04:36:51_
--------
*603275524416c3912f5024c92d0f961c*
`登陆天数: 19天 / 657天
等级: 130
石头: 4007
呼符: 109
体力: 17333.643333333333 / 138
友情点: 0 / 465960`
*連続ログイン5日目
※ログインが途切れるか、7日到達すると
1日目から再開されます*
`叡智の業火 X 2
6月交換券(2024) X 1
`*螺旋証明世界 リリムハーロット ～喝采なき薔薇～ アンケート復刻版
開幕記念 ログインボーナス*
*開催期間中、1日1回 最大21回 ログインボーナスをプレゼント！*
`白銀の果実 X 1
`_2024-06-11 04:36:59_
--------
*8bf7f0b496e73e90108108064c8d1025*
`登陆天数: 19天 / 657天
等级: 130
石头: 4014
呼符: 306
体力: 17333.67 / 138
友情点: 0 / 466470`
*連続ログイン5日目
※ログインが途切れるか、7日到達すると
1日目から再開されます*
`叡智の業火 X 2
6月交換券(2024) X 1
`*螺旋証明世界 リリムハーロット ～喝采なき薔薇～ アンケート復刻版
開幕記念 ログインボーナス*
*開催期間中、1日1回 最大21回 ログインボーナスをプレゼント！*
`白銀の果実 X 1
`_2024-06-11 04:37:07_
--------
*b38de19acd62fb60fb8f48094a7e6813*
`登陆天数: 19天 / 656天
等级: 130
石头: 3998
呼符: 264
体力: 17333.693333333333 / 138
友情点: 0 / 469815`
*連続ログイン5日目
※ログインが途切れるか、7日到達すると
1日目から再開されます*
`叡智の業火 X 2
6月交換券(2024) X 1
`*螺旋証明世界 リリムハーロット ～喝采なき薔薇～ アンケート復刻版
開幕記念 ログインボーナス*
*開催期間中、1日1回 最大21回 ログインボーナスをプレゼント！*
`白銀の果実 X 1
`_2024-06-11 04:37:14_
--------
*f6068f076a4e7f9a194989fc309aa340*
`登陆天数: 19天 / 657天
等级: 130
石头: 4007
呼符: 287
体力: 17333.72 / 138
友情点: 0 / 468150`
*連続ログイン5日目
※ログインが途切れるか、7日到達すると
1日目から再開されます*
`叡智の業火 X 2
6月交換券(2024) X 1
`*螺旋証明世界 リリムハーロット ～喝采なき薔薇～ アンケート復刻版
開幕記念 ログインボーナス*
*開催期間中、1日1回 最大21回 ログインボーナスをプレゼント！*
`白銀の果実 X 1
`_2024-06-11 04:37:22_
--------
*3d3c0c635910338891ca3735b496d68b*
`登陆天数: 19天 / 657天
等级: 130
石头: 4013
呼符: 251
体力: 17333.746666666666 / 138
友情点: 0 / 467440`
*連続ログイン5日目
※ログインが途切れるか、7日到達すると
1日目から再開されます*
`叡智の業火 X 2
6月交換券(2024) X 1
`*螺旋証明世界 リリムハーロット ～喝采なき薔薇～ アンケート復刻版
開幕記念 ログインボーナス*
*開催期間中、1日1回 最大21回 ログインボーナスをプレゼント！*
`白銀の果実 X 1
`_2024-06-11 04:37:29_
--------
*f85936368c865168333f51d37af18328*
`登陆天数: 19天 / 656天
等级: 130
石头: 4013
呼符: 292
体力: 17333.766666666666 / 138
友情点: 0 / 468415`
*連続ログイン5日目
※ログインが途切れるか、7日到達すると
1日目から再開されます*
`叡智の業火 X 2
6月交換券(2024) X 1
`*螺旋証明世界 リリムハーロット ～喝采なき薔薇～ アンケート復刻版
開幕記念 ログインボーナス*
*開催期間中、1日1回 最大21回 ログインボーナスをプレゼント！*
`白銀の果実 X 1
`_2024-06-11 04:37:37_
--------
*0e127942d2b21f0f50bb59b200354392*
`登陆天数: 19天 / 656天
等级: 130
石头: 3965
呼符: 24
体力: 17333.793333333335 / 138
友情点: 0 / 468935`
*連続ログイン5日目
※ログインが途切れるか、7日到達すると
1日目から再開されます*
`叡智の業火 X 2
6月交換券(2024) X 1
`*螺旋証明世界 リリムハーロット ～喝采なき薔薇～ アンケート復刻版
開幕記念 ログインボーナス*
*開催期間中、1日1回 最大21回 ログインボーナスをプレゼント！*
`白銀の果実 X 1
`_2024-06-11 04:37:45_
--------
*9278fb48ad8e6de8eea81e0bacf56a50*
`登陆天数: 19天 / 656天
等级: 130
石头: 3980
呼符: 315
体力: 17333.82 / 138
友情点: 0 / 469065`
*連続ログイン5日目
※ログインが途切れるか、7日到達すると
1日目から再開されます*
`叡智の業火 X 2
6月交換券(2024) X 1
`*螺旋証明世界 リリムハーロット ～喝采なき薔薇～ アンケート復刻版
開幕記念 ログインボーナス*
*開催期間中、1日1回 最大21回 ログインボーナスをプレゼント！*
`白銀の果実 X 1
`_2024-06-11 04:37:52_
--------
*fccb293dd278a1ddbe1c4e640e5d8090*
`登陆天数: 19天 / 656天
等级: 130
石头: 4014
呼符: 34
体力: 17333.85 / 138
友情点: 0 / 468425`
*連続ログイン5日目
※ログインが途切れるか、7日到達すると
1日目から再開されます*
`叡智の業火 X 2
6月交換券(2024) X 1
`*螺旋証明世界 リリムハーロット ～喝采なき薔薇～ アンケート復刻版
開幕記念 ログインボーナス*
*開催期間中、1日1回 最大21回 ログインボーナスをプレゼント！*
`白銀の果実 X 1
`_2024-06-11 04:38:00_
--------
*e26c99efcc945ff9fce53bea9cbbd044*
`登陆天数: 19天 / 656天
等级: 130
石头: 3996
呼符: 139
体力: 17333.873333333333 / 138
友情点: 0 / 468595`
*連続ログイン5日目
※ログインが途切れるか、7日到達すると
1日目から再開されます*
`叡智の業火 X 2
6月交換券(2024) X 1
`*螺旋証明世界 リリムハーロット ～喝采なき薔薇～ アンケート復刻版
開幕記念 ログインボーナス*
*開催期間中、1日1回 最大21回 ログインボーナスをプレゼント！*
`白銀の果実 X 1
`_2024-06-11 04:38:08_
--------
*fc7a7e0a25e6e85660990a6936b8a0f0*
`登陆天数: 19天 / 656天
等级: 130
石头: 4013
呼符: 294
体力: 17333.9 / 138
友情点: 0 / 469775`
*連続ログイン5日目
※ログインが途切れるか、7日到達すると
1日目から再開されます*
`叡智の業火 X 2
6月交換券(2024) X 1
`*螺旋証明世界 リリムハーロット ～喝采なき薔薇～ アンケート復刻版
開幕記念 ログインボーナス*
*開催期間中、1日1回 最大21回 ログインボーナスをプレゼント！*
`白銀の果実 X 1
`_2024-06-11 04:38:16_
--------
*cebfff55ba19ca3a7e5a1f3940a83ac0*
`登陆天数: 19天 / 656天
等级: 130
石头: 4008
呼符: 229
体力: 17333.926666666666 / 138
友情点: 0 / 467585`
*連続ログイン5日目
※ログインが途切れるか、7日到達すると
1日目から再開されます*
`叡智の業火 X 2
6月交換券(2024) X 1
`*螺旋証明世界 リリムハーロット ～喝采なき薔薇～ アンケート復刻版
開幕記念 ログインボーナス*
*開催期間中、1日1回 最大21回 ログインボーナスをプレゼント！*
`白銀の果実 X 1
`_2024-06-11 04:38:24_
--------
*6767965d649129adb0955418f8601cee*
`登陆天数: 19天 / 656天
等级: 130
石头: 4006
呼符: 273
体力: 17333.953333333335 / 138
友情点: 0 / 471925`
*連続ログイン5日目
※ログインが途切れるか、7日到達すると
1日目から再開されます*
`叡智の業火 X 2
6月交換券(2024) X 1
`*螺旋証明世界 リリムハーロット ～喝采なき薔薇～ アンケート復刻版
開幕記念 ログインボーナス*
*開催期間中、1日1回 最大21回 ログインボーナスをプレゼント！*
`白銀の果実 X 1
`_2024-06-11 04:38:31_
--------
*979aafaf82d347a492d0bbf372a5b43a*
`登陆天数: 19天 / 657天
等级: 130
石头: 4006
呼符: 25
体力: 17333.976666666666 / 138
友情点: 0 / 466405`
*連続ログイン5日目
※ログインが途切れるか、7日到達すると
1日目から再開されます*
`叡智の業火 X 2
6月交換券(2024) X 1
`*螺旋証明世界 リリムハーロット ～喝采なき薔薇～ アンケート復刻版
開幕記念 ログインボーナス*
*開催期間中、1日1回 最大21回 ログインボーナスをプレゼント！*
`白銀の果実 X 1
`_2024-06-11 04:38:39_
--------
*2447b142c61b9ad7ceaac321c88153cb*
`登陆天数: 19天 / 657天
等级: 130
石头: 4009
呼符: 311
体力: 17334.003333333334 / 138
友情点: 0 / 465640`
*連続ログイン5日目
※ログインが途切れるか、7日到達すると
1日目から再開されます*
`叡智の業火 X 2
6月交換券(2024) X 1
`*螺旋証明世界 リリムハーロット ～喝采なき薔薇～ アンケート復刻版
開幕記念 ログインボーナス*
*開催期間中、1日1回 最大21回 ログインボーナスをプレゼント！*
`白銀の果実 X 1
`_2024-06-11 04:38:47_
--------
*58e2bbca08853ce0bb8071a5e9d0ee89*
`登陆天数: 19天 / 656天
等级: 130
石头: 3999
呼符: 132
体力: 17334.023333333334 / 138
友情点: 0 / 467065`
*連続ログイン5日目
※ログインが途切れるか、7日到達すると
1日目から再開されます*
`叡智の業火 X 2
6月交換券(2024) X 1
`*螺旋証明世界 リリムハーロット ～喝采なき薔薇～ アンケート復刻版
開幕記念 ログインボーナス*
*開催期間中、1日1回 最大21回 ログインボーナスをプレゼント！*
`白銀の果実 X 1
`_2024-06-11 04:38:54_
--------
*25d49ff78b6eb76ebd8cdee0b5df4e05*
`登陆天数: 19天 / 657天
等级: 130
石头: 4011
呼符: 193
体力: 17334.05 / 138
友情点: 0 / 465655`
*連続ログイン5日目
※ログインが途切れるか、7日到達すると
1日目から再開されます*
`叡智の業火 X 2
6月交換券(2024) X 1
`*螺旋証明世界 リリムハーロット ～喝采なき薔薇～ アンケート復刻版
開幕記念 ログインボーナス*
*開催期間中、1日1回 最大21回 ログインボーナスをプレゼント！*
`白銀の果実 X 1
`_2024-06-11 04:39:02_
--------
*d4e316ee7b1f93fb6a25aae62d13847d*
`登陆天数: 19天 / 657天
等级: 130
石头: 4006
呼符: 275
体力: 17334.08 / 138
友情点: 0 / 467320`
*連続ログイン5日目
※ログインが途切れるか、7日到達すると
1日目から再開されます*
`叡智の業火 X 2
6月交換券(2024) X 1
`*螺旋証明世界 リリムハーロット ～喝采なき薔薇～ アンケート復刻版
開幕記念 ログインボーナス*
*開催期間中、1日1回 最大21回 ログインボーナスをプレゼント！*
`白銀の果実 X 1
`_2024-06-11 04:39:10_
--------
