【登录信息】
*0a62c18e26790886093c447330334361*
`登陆天数: 21天 / 659天
等级: 130
石头: 4062
呼符: 50
体力: 30.483333333333334 / 138
友情点: 0 / 468205`
_2024-06-13 04:31:07_
--------
*794b11a146cf4e5bfd8bf1dfb37f8cf5*
`登陆天数: 21天 / 659天
等级: 130
石头: 4069
呼符: 314
体力: 30.453333333333333 / 138
友情点: 0 / 469575`
_2024-06-13 04:31:14_
--------
*869935bdb3f557990e9463c39a5fc84e*
`登陆天数: 21天 / 659天
等级: 130
石头: 4059
呼符: 320
体力: 30.426666666666662 / 138
友情点: 0 / 467460`
_2024-06-13 04:31:22_
--------
*4204891a7ad304e59437ba6e9fcf888d*
`登陆天数: 21天 / 659天
等级: 130
石头: 4067
呼符: 299
体力: 30.39666666666666 / 138
友情点: 0 / 468075`
_2024-06-13 04:31:30_
--------
*612a2ba04fa9b4b4eae112c013e39283*
`登陆天数: 21天 / 658天
等级: 130
石头: 4064
呼符: 34
体力: 30.370000000000005 / 138
友情点: 0 / 468590`
_2024-06-13 04:31:38_
--------
*e33b82ae8f432438164e3188479adfd4*
`登陆天数: 21天 / 658天
等级: 130
石头: 4015
呼符: 320
体力: 30.340000000000003 / 138
友情点: 0 / 468420`
_2024-06-13 04:31:46_
--------
*5cb3fc21ffde8ff97331bf2bc615f922*
`登陆天数: 21天 / 658天
等级: 130
石头: 4062
呼符: 102
体力: 30.313333333333333 / 138
友情点: 0 / 469555`
_2024-06-13 04:31:53_
--------
*1424fb88578fb0510168b43bdb942bdd*
`登陆天数: 21天 / 658天
等级: 130
石头: 4062
呼符: 68
体力: 30.28666666666666 / 138
友情点: 0 / 469355`
_2024-06-13 04:32:01_
--------
*2348592468fe7a90dffabbca982e5b10*
`登陆天数: 21天 / 658天
等级: 130
石头: 4061
呼符: 34
体力: 30.25666666666666 / 138
友情点: 0 / 470740`
_2024-06-13 04:32:09_
--------
*9b233ec48f0aebf215db9099f75e2314*
`登陆天数: 21天 / 659天
等级: 130
石头: 4055
呼符: 331
体力: 30.230000000000004 / 138
友情点: 0 / 468985`
_2024-06-13 04:32:16_
--------
*fd318cb78011cd5d1af546eeb7bb4b94*
`登陆天数: 21天 / 659天
等级: 130
石头: 4020
呼符: 328
体力: 30.200000000000003 / 138
友情点: 0 / 467750`
_2024-06-13 04:32:24_
--------
*692604e9941cbeec2b0b3ee54ae7804d*
`登陆天数: 21天 / 659天
等级: 130
石头: 4060
呼符: 265
体力: 30.173333333333332 / 138
友情点: 0 / 467675`
_2024-06-13 04:32:32_
--------
*19b0e1a2228ce591e28b0d022b6da1ca*
`登陆天数: 21天 / 659天
等级: 130
石头: 4065
呼符: 85
体力: 30.14666666666666 / 138
友情点: 0 / 468560`
_2024-06-13 04:32:39_
--------
*19ef3504c876bd29e4c5eb178d504bca*
`登陆天数: 21天 / 658天
等级: 130
石头: 4040
呼符: 276
体力: 30.120000000000005 / 138
友情点: 0 / 467950`
_2024-06-13 04:32:47_
--------
*5e2131975b61e566df8ab7d3533f01d2*
`登陆天数: 21天 / 658天
等级: 130
石头: 4063
呼符: 213
体力: 30.090000000000003 / 138
友情点: 0 / 468150`
_2024-06-13 04:32:55_
--------
*77183952f89cd2befcb60d93f6f3b0fb*
`登陆天数: 21天 / 658天
等级: 130
石头: 4059
呼符: 128
体力: 30.063333333333333 / 138
友情点: 0 / 467935`
_2024-06-13 04:33:02_
--------
*a2d111d33adad87037fe3d9ae11c00ef*
`登陆天数: 21天 / 658天
等级: 130
石头: 4061
呼符: 34
体力: 30.03333333333333 / 138
友情点: 0 / 468035`
_2024-06-13 04:33:10_
--------
*92b9264415d56def0af7b3d01e734896*
`登陆天数: 22天 / 660天
等级: 130
石头: 4068
呼符: 291
体力: 30.00666666666666 / 138
友情点: 0 / 469315`
_2024-06-13 04:33:18_
--------
*d95136c6a9962e3429ac9025bc2be43d*
`登陆天数: 22天 / 659天
等级: 130
石头: 4062
呼符: 170
体力: 29.980000000000004 / 138
友情点: 0 / 470440`
_2024-06-13 04:33:26_
--------
*c1903336d6a4a100128eb0db008e7338*
`登陆天数: 21天 / 659天
等级: 130
石头: 4053
呼符: 217
体力: 29.953333333333333 / 138
友情点: 0 / 470520`
_2024-06-13 04:33:33_
--------
*e86d748fa3290322649a8680760f0519*
`登陆天数: 21天 / 658天
等级: 130
石头: 4066
呼符: 181
体力: 29.92 / 138
友情点: 0 / 470190`
_2024-06-13 04:33:41_
--------
*25c4b0f5786e8cbae7de775e47ea797d*
`登陆天数: 21天 / 658天
等级: 130
石头: 4069
呼符: 127
体力: 29.89333333333333 / 138
友情点: 0 / 468295`
_2024-06-13 04:33:49_
--------
*c94f8fb36a40f6022e81c3fac4426aa0*
`登陆天数: 21天 / 658天
等级: 130
石头: 4043
呼符: 90
体力: 29.870000000000005 / 138
友情点: 0 / 468335`
_2024-06-13 04:33:57_
--------
*55ddef8f1bc8f01e1753b3e72dc30a5f*
`登陆天数: 21天 / 658天
等级: 130
石头: 4051
呼符: 320
体力: 29.843333333333334 / 138
友情点: 0 / 468505`
_2024-06-13 04:34:04_
--------
*16decacabe495a74848cfc1b7124673d*
`登陆天数: 21天 / 659天
等级: 130
石头: 4050
呼符: 295
体力: 29.813333333333333 / 138
友情点: 0 / 469800`
_2024-06-13 04:34:12_
--------
*f287e413d279c4ebbef4732751cab640*
`登陆天数: 21天 / 658天
等级: 130
石头: 4060
呼符: 163
体力: 29.78666666666666 / 138
友情点: 0 / 468750`
_2024-06-13 04:34:20_
--------
*57cf3a3a73d2edebd9f130be3d16efa8*
`登陆天数: 21天 / 658天
等级: 130
石头: 4063
呼符: 328
体力: 29.760000000000005 / 138
友情点: 0 / 468770`
_2024-06-13 04:34:27_
--------
*d350c31765994643f0e6ddea1e9d06bc*
`登陆天数: 21天 / 658天
等级: 130
石头: 4059
呼符: 54
体力: 29.730000000000004 / 138
友情点: 0 / 467985`
_2024-06-13 04:34:35_
--------
*4e55cf445ee0c2ef6253265cd6a3a929*
`登陆天数: 21天 / 659天
等级: 130
石头: 4043
呼符: 271
体力: 29.703333333333333 / 138
友情点: 0 / 470230`
_2024-06-13 04:34:42_
--------
*dad5adc84ce5abe077fda114f16a9d05*
`登陆天数: 21天 / 659天
等级: 130
石头: 4055
呼符: 330
体力: 29.673333333333332 / 138
友情点: 0 / 468680`
_2024-06-13 04:34:50_
--------
*921d1c4ed87ac1ab10c1b0a04bd2c8ed*
`登陆天数: 21天 / 658天
等级: 130
石头: 4062
呼符: 196
体力: 29.650000000000006 / 138
友情点: 0 / 469000`
_2024-06-13 04:34:57_
--------
*40f3d861aee0cf84d4a0840d8c372a5b*
`登陆天数: 21天 / 659天
等级: 130
石头: 4066
呼符: 35
体力: 29.620000000000005 / 138
友情点: 0 / 467945`
_2024-06-13 04:35:05_
--------
*603275524416c3912f5024c92d0f961c*
`登陆天数: 21天 / 659天
等级: 130
石头: 4059
呼符: 119
体力: 29.593333333333334 / 138
友情点: 0 / 467960`
_2024-06-13 04:35:13_
--------
*8bf7f0b496e73e90108108064c8d1025*
`登陆天数: 21天 / 659天
等级: 130
石头: 4066
呼符: 316
体力: 29.566666666666663 / 138
友情点: 0 / 468470`
_2024-06-13 04:35:21_
--------
*b38de19acd62fb60fb8f48094a7e6813*
`登陆天数: 21天 / 658天
等级: 130
石头: 4052
呼符: 274
体力: 29.53666666666666 / 138
友情点: 0 / 469815`
_2024-06-13 04:35:28_
--------
*f6068f076a4e7f9a194989fc309aa340*
`登陆天数: 21天 / 659天
等级: 130
石头: 4059
呼符: 297
体力: 29.510000000000005 / 138
友情点: 0 / 470150`
_2024-06-13 04:35:35_
--------
*3d3c0c635910338891ca3735b496d68b*
`登陆天数: 21天 / 659天
等级: 130
石头: 4065
呼符: 261
体力: 29.483333333333334 / 138
友情点: 0 / 469440`
_2024-06-13 04:35:43_
--------
*f85936368c865168333f51d37af18328*
`登陆天数: 21天 / 658天
等级: 130
石头: 4067
呼符: 302
体力: 29.456666666666663 / 138
友情点: 0 / 468415`
_2024-06-13 04:35:51_
--------
*0e127942d2b21f0f50bb59b200354392*
`登陆天数: 21天 / 658天
等级: 130
石头: 4019
呼符: 34
体力: 29.426666666666662 / 138
友情点: 0 / 468935`
_2024-06-13 04:35:58_
--------
*9278fb48ad8e6de8eea81e0bacf56a50*
`登陆天数: 21天 / 658天
等级: 130
石头: 4034
呼符: 325
体力: 29.400000000000006 / 138
友情点: 0 / 469065`
_2024-06-13 04:36:06_
--------
*fccb293dd278a1ddbe1c4e640e5d8090*
`登陆天数: 21天 / 658天
等级: 130
石头: 4068
呼符: 44
体力: 29.370000000000005 / 138
友情点: 0 / 468425`
_2024-06-13 04:36:13_
--------
*e26c99efcc945ff9fce53bea9cbbd044*
`登陆天数: 21天 / 658天
等级: 130
石头: 4050
呼符: 149
体力: 29.343333333333334 / 138
友情点: 0 / 468595`
_2024-06-13 04:36:21_
--------
*fc7a7e0a25e6e85660990a6936b8a0f0*
`登陆天数: 21天 / 658天
等级: 130
石头: 4067
呼符: 304
体力: 29.313333333333333 / 138
友情点: 0 / 469775`
_2024-06-13 04:36:28_
--------
*cebfff55ba19ca3a7e5a1f3940a83ac0*
`登陆天数: 21天 / 658天
等级: 130
石头: 4062
呼符: 239
体力: 29.290000000000006 / 138
友情点: 0 / 467585`
_2024-06-13 04:36:36_
--------
*6767965d649129adb0955418f8601cee*
`登陆天数: 21天 / 658天
等级: 130
石头: 4060
呼符: 283
体力: 29.260000000000005 / 138
友情点: 0 / 471925`
_2024-06-13 04:36:43_
--------
*979aafaf82d347a492d0bbf372a5b43a*
`登陆天数: 21天 / 659天
等级: 130
石头: 4058
呼符: 35
体力: 29.233333333333334 / 138
友情点: 0 / 468405`
_2024-06-13 04:36:51_
--------
*2447b142c61b9ad7ceaac321c88153cb*
`登陆天数: 21天 / 659天
等级: 130
石头: 4061
呼符: 321
体力: 29.206666666666663 / 138
友情点: 0 / 467640`
_2024-06-13 04:36:58_
--------
*58e2bbca08853ce0bb8071a5e9d0ee89*
`登陆天数: 21天 / 658天
等级: 130
石头: 4053
呼符: 142
体力: 29.176666666666662 / 138
友情点: 0 / 467065`
_2024-06-13 04:37:06_
--------
*25d49ff78b6eb76ebd8cdee0b5df4e05*
`登陆天数: 21天 / 659天
等级: 130
石头: 4063
呼符: 203
体力: 29.150000000000006 / 138
友情点: 0 / 467655`
_2024-06-13 04:37:13_
--------
*d4e316ee7b1f93fb6a25aae62d13847d*
`登陆天数: 21天 / 659天
等级: 130
石头: 4006
呼符: 275
体力: 17909.716666666667 / 138
友情点: 0 / 467320`
_2024-06-13 04:37:21_
--------
