【登录信息】
*0a62c18e26790886093c447330334361*
`登陆天数: 23天 / 661天
等级: 130
石头: 4063
呼符: 50
体力: 31.099999999999994 / 138
友情点: 0 / 458205`
_2024-06-15 04:33:32_
--------
*794b11a146cf4e5bfd8bf1dfb37f8cf5*
`登陆天数: 23天 / 661天
等级: 130
石头: 4070
呼符: 314
体力: 31.073333333333338 / 138
友情点: 0 / 459575`
_2024-06-15 04:33:40_
--------
*869935bdb3f557990e9463c39a5fc84e*
`登陆天数: 23天 / 661天
等级: 130
石头: 4060
呼符: 320
体力: 31.046666666666667 / 138
友情点: 0 / 457460`
_2024-06-15 04:33:48_
--------
*4204891a7ad304e59437ba6e9fcf888d*
`登陆天数: 23天 / 661天
等级: 130
石头: 4068
呼符: 299
体力: 31.019999999999996 / 138
友情点: 0 / 458075`
_2024-06-15 04:33:56_
--------
*612a2ba04fa9b4b4eae112c013e39283*
`登陆天数: 23天 / 660天
等级: 130
石头: 4065
呼符: 34
体力: 30.99333333333334 / 138
友情点: 0 / 458590`
_2024-06-15 04:34:04_
--------
*e33b82ae8f432438164e3188479adfd4*
`登陆天数: 23天 / 660天
等级: 130
石头: 4016
呼符: 320
体力: 30.96666666666667 / 138
友情点: 0 / 458420`
_2024-06-15 04:34:12_
--------
*5cb3fc21ffde8ff97331bf2bc615f922*
`登陆天数: 23天 / 660天
等级: 130
石头: 4063
呼符: 102
体力: 30.943333333333328 / 138
友情点: 0 / 459555`
_2024-06-15 04:34:20_
--------
*1424fb88578fb0510168b43bdb942bdd*
`登陆天数: 23天 / 660天
等级: 130
石头: 4063
呼符: 68
体力: 30.913333333333327 / 138
友情点: 0 / 459355`
_2024-06-15 04:34:28_
--------
*2348592468fe7a90dffabbca982e5b10*
`登陆天数: 23天 / 660天
等级: 130
石头: 4062
呼符: 34
体力: 30.88666666666667 / 138
友情点: 0 / 460740`
_2024-06-15 04:34:36_
--------
*9b233ec48f0aebf215db9099f75e2314*
`登陆天数: 23天 / 661天
等级: 130
石头: 4056
呼符: 331
体力: 30.86 / 138
友情点: 0 / 458985`
_2024-06-15 04:34:44_
--------
*fd318cb78011cd5d1af546eeb7bb4b94*
`登陆天数: 23天 / 661天
等级: 130
石头: 4021
呼符: 328
体力: 30.836666666666673 / 138
友情点: 0 / 457750`
_2024-06-15 04:34:52_
--------
*692604e9941cbeec2b0b3ee54ae7804d*
`登陆天数: 23天 / 661天
等级: 130
石头: 4061
呼符: 265
体力: 30.806666666666672 / 138
友情点: 0 / 457675`
_2024-06-15 04:35:00_
--------
*19b0e1a2228ce591e28b0d022b6da1ca*
`登陆天数: 23天 / 661天
等级: 130
石头: 4066
呼符: 85
体力: 30.77666666666667 / 138
友情点: 0 / 458560`
_2024-06-15 04:35:08_
--------
*19ef3504c876bd29e4c5eb178d504bca*
`登陆天数: 23天 / 660天
等级: 130
石头: 4041
呼符: 276
体力: 30.75 / 138
友情点: 0 / 457950`
_2024-06-15 04:35:16_
--------
*5e2131975b61e566df8ab7d3533f01d2*
`登陆天数: 23天 / 660天
等级: 130
石头: 4064
呼符: 213
体力: 30.72333333333333 / 138
友情点: 0 / 458150`
_2024-06-15 04:35:24_
--------
*77183952f89cd2befcb60d93f6f3b0fb*
`登陆天数: 23天 / 660天
等级: 130
石头: 4060
呼符: 128
体力: 30.696666666666673 / 138
友情点: 0 / 457935`
_2024-06-15 04:35:32_
--------
*a2d111d33adad87037fe3d9ae11c00ef*
`登陆天数: 23天 / 660天
等级: 130
石头: 4062
呼符: 34
体力: 30.673333333333332 / 138
友情点: 0 / 458035`
_2024-06-15 04:35:40_
--------
*92b9264415d56def0af7b3d01e734896*
`登陆天数: 24天 / 662天
等级: 130
石头: 4069
呼符: 291
体力: 30.64666666666666 / 138
友情点: 0 / 457315`
_2024-06-15 04:35:48_
--------
*d95136c6a9962e3429ac9025bc2be43d*
`登陆天数: 24天 / 661天
等级: 130
石头: 4063
呼符: 170
体力: 30.620000000000005 / 138
友情点: 0 / 458440`
_2024-06-15 04:35:56_
--------
*c1903336d6a4a100128eb0db008e7338*
`登陆天数: 23天 / 661天
等级: 130
石头: 4054
呼符: 217
体力: 30.593333333333334 / 138
友情点: 0 / 460520`
_2024-06-15 04:36:04_
--------
*e86d748fa3290322649a8680760f0519*
`登陆天数: 23天 / 660天
等级: 130
石头: 4067
呼符: 181
体力: 30.566666666666663 / 138
友情点: 0 / 460190`
_2024-06-15 04:36:12_
--------
*25c4b0f5786e8cbae7de775e47ea797d*
`登陆天数: 23天 / 660天
等级: 130
石头: 4070
呼符: 127
体力: 30.53666666666666 / 138
友情点: 0 / 458295`
_2024-06-15 04:36:20_
--------
*c94f8fb36a40f6022e81c3fac4426aa0*
`登陆天数: 23天 / 660天
等级: 130
石头: 4044
呼符: 90
体力: 30.510000000000005 / 138
友情点: 0 / 458335`
_2024-06-15 04:36:28_
--------
*55ddef8f1bc8f01e1753b3e72dc30a5f*
`登陆天数: 23天 / 660天
等级: 130
石头: 4052
呼符: 320
体力: 30.486666666666665 / 138
友情点: 0 / 458505`
_2024-06-15 04:36:36_
--------
*16decacabe495a74848cfc1b7124673d*
`登陆天数: 23天 / 661天
等级: 130
石头: 4051
呼符: 295
体力: 30.456666666666663 / 138
友情点: 0 / 459800`
_2024-06-15 04:36:44_
--------
*f287e413d279c4ebbef4732751cab640*
`登陆天数: 23天 / 660天
等级: 130
石头: 4061
呼符: 163
体力: 30.430000000000007 / 138
友情点: 0 / 458750`
_2024-06-15 04:36:52_
--------
*57cf3a3a73d2edebd9f130be3d16efa8*
`登陆天数: 23天 / 660天
等级: 130
石头: 4064
呼符: 328
体力: 30.403333333333336 / 138
友情点: 0 / 458770`
_2024-06-15 04:37:00_
--------
*d350c31765994643f0e6ddea1e9d06bc*
`登陆天数: 23天 / 660天
等级: 130
石头: 4060
呼符: 54
体力: 30.376666666666665 / 138
友情点: 0 / 457985`
_2024-06-15 04:37:08_
--------
*4e55cf445ee0c2ef6253265cd6a3a929*
`登陆天数: 23天 / 661天
等级: 130
石头: 4044
呼符: 271
体力: 30.349999999999994 / 138
友情点: 0 / 460230`
_2024-06-15 04:37:16_
--------
*dad5adc84ce5abe077fda114f16a9d05*
`登陆天数: 23天 / 661天
等级: 130
石头: 4056
呼符: 330
体力: 30.326666666666668 / 138
友情点: 0 / 458680`
_2024-06-15 04:37:23_
--------
*921d1c4ed87ac1ab10c1b0a04bd2c8ed*
`登陆天数: 23天 / 660天
等级: 130
石头: 4063
呼符: 196
体力: 30.299999999999997 / 138
友情点: 0 / 459000`
_2024-06-15 04:37:31_
--------
*40f3d861aee0cf84d4a0840d8c372a5b*
`登陆天数: 23天 / 661天
等级: 130
石头: 4067
呼符: 35
体力: 30.273333333333326 / 138
友情点: 0 / 457945`
_2024-06-15 04:37:39_
--------
*603275524416c3912f5024c92d0f961c*
`登陆天数: 23天 / 661天
等级: 130
石头: 4060
呼符: 119
体力: 30.24666666666667 / 138
友情点: 0 / 457960`
_2024-06-15 04:37:47_
--------
*8bf7f0b496e73e90108108064c8d1025*
`登陆天数: 23天 / 661天
等级: 130
石头: 4067
呼符: 316
体力: 30.22 / 138
友情点: 0 / 458470`
_2024-06-15 04:37:56_
--------
*b38de19acd62fb60fb8f48094a7e6813*
`登陆天数: 23天 / 660天
等级: 130
石头: 4053
呼符: 274
体力: 30.233333333333334 / 138
友情点: 0 / 459815`
_2024-06-15 04:38:04_
--------
*f6068f076a4e7f9a194989fc309aa340*
`登陆天数: 23天 / 661天
等级: 130
石头: 4060
呼符: 297
体力: 30.206666666666663 / 138
友情点: 0 / 460150`
_2024-06-15 04:38:23_
--------
*3d3c0c635910338891ca3735b496d68b*
`登陆天数: 23天 / 661天
等级: 130
石头: 4066
呼符: 261
体力: 30.180000000000007 / 138
友情点: 0 / 459440`
_2024-06-15 04:38:31_
--------
*f85936368c865168333f51d37af18328*
`登陆天数: 23天 / 660天
等级: 130
石头: 4068
呼符: 302
体力: 30.156666666666666 / 138
友情点: 0 / 458415`
_2024-06-15 04:38:39_
--------
*0e127942d2b21f0f50bb59b200354392*
`登陆天数: 23天 / 660天
等级: 130
石头: 4020
呼符: 34
体力: 30.129999999999995 / 138
友情点: 0 / 458935`
_2024-06-15 04:38:47_
--------
*9278fb48ad8e6de8eea81e0bacf56a50*
`登陆天数: 23天 / 660天
等级: 130
石头: 4035
呼符: 325
体力: 30.10333333333334 / 138
友情点: 0 / 459065`
_2024-06-15 04:38:55_
--------
*fccb293dd278a1ddbe1c4e640e5d8090*
`登陆天数: 23天 / 660天
等级: 130
石头: 4069
呼符: 44
体力: 30.073333333333338 / 138
友情点: 0 / 458425`
_2024-06-15 04:39:03_
--------
*e26c99efcc945ff9fce53bea9cbbd044*
`登陆天数: 23天 / 660天
等级: 130
石头: 4051
呼符: 149
体力: 30.046666666666667 / 138
友情点: 0 / 458595`
_2024-06-15 04:39:11_
--------
*fc7a7e0a25e6e85660990a6936b8a0f0*
`登陆天数: 23天 / 660天
等级: 130
石头: 4068
呼符: 304
体力: 30.019999999999996 / 138
友情点: 0 / 459775`
_2024-06-15 04:39:19_
--------
*cebfff55ba19ca3a7e5a1f3940a83ac0*
`登陆天数: 23天 / 660天
等级: 130
石头: 4063
呼符: 239
体力: 29.99666666666667 / 138
友情点: 0 / 457585`
_2024-06-15 04:39:27_
--------
*6767965d649129adb0955418f8601cee*
`登陆天数: 23天 / 660天
等级: 130
石头: 4061
呼符: 283
体力: 29.97 / 138
友情点: 0 / 461925`
_2024-06-15 04:39:35_
--------
*979aafaf82d347a492d0bbf372a5b43a*
`登陆天数: 23天 / 661天
等级: 130
石头: 4059
呼符: 35
体力: 29.943333333333328 / 138
友情点: 0 / 458405`
_2024-06-15 04:39:44_
--------
*2447b142c61b9ad7ceaac321c88153cb*
`登陆天数: 23天 / 661天
等级: 130
石头: 4062
呼符: 321
体力: 29.91666666666667 / 138
友情点: 0 / 457640`
_2024-06-15 04:39:52_
--------
*58e2bbca08853ce0bb8071a5e9d0ee89*
`登陆天数: 23天 / 660天
等级: 130
石头: 4054
呼符: 142
体力: 29.89333333333333 / 138
友情点: 0 / 457065`
_2024-06-15 04:40:00_
--------
*25d49ff78b6eb76ebd8cdee0b5df4e05*
`登陆天数: 23天 / 661天
等级: 130
石头: 4064
呼符: 203
体力: 29.86666666666666 / 138
友情点: 0 / 457655`
_2024-06-15 04:40:08_
--------
*d4e316ee7b1f93fb6a25aae62d13847d*
`登陆天数: 23天 / 661天
等级: 130
石头: 4006
呼符: 275
体力: 18486.3 / 138
友情点: 0 / 467320`
_2024-06-15 04:40:16_
--------
