【登录信息】
*0a62c18e26790886093c447330334361*
`登陆天数: 25天 / 663天
等级: 130
石头: 4064
呼符: 50
体力: 30.489999999999995 / 138
友情点: 0 / 446205`
_2024-06-17 04:33:18_
--------
*794b11a146cf4e5bfd8bf1dfb37f8cf5*
`登陆天数: 25天 / 663天
等级: 130
石头: 4071
呼符: 314
体力: 30.46333333333334 / 138
友情点: 0 / 447575`
_2024-06-17 04:33:26_
--------
*869935bdb3f557990e9463c39a5fc84e*
`登陆天数: 25天 / 663天
等级: 130
石头: 4061
呼符: 320
体力: 30.436666666666667 / 138
友情点: 0 / 445460`
_2024-06-17 04:33:34_
--------
*4204891a7ad304e59437ba6e9fcf888d*
`登陆天数: 25天 / 663天
等级: 130
石头: 4069
呼符: 299
体力: 30.409999999999997 / 138
友情点: 0 / 446075`
_2024-06-17 04:33:42_
--------
*612a2ba04fa9b4b4eae112c013e39283*
`登陆天数: 25天 / 662天
等级: 130
石头: 4066
呼符: 34
体力: 30.379999999999995 / 138
友情点: 0 / 446590`
_2024-06-17 04:33:50_
--------
*e33b82ae8f432438164e3188479adfd4*
`登陆天数: 25天 / 662天
等级: 130
石头: 4017
呼符: 320
体力: 30.35333333333334 / 138
友情点: 0 / 446420`
_2024-06-17 04:33:58_
--------
*5cb3fc21ffde8ff97331bf2bc615f922*
`登陆天数: 25天 / 662天
等级: 130
石头: 4064
呼符: 102
体力: 30.326666666666668 / 138
友情点: 0 / 447555`
_2024-06-17 04:34:06_
--------
*1424fb88578fb0510168b43bdb942bdd*
`登陆天数: 25天 / 662天
等级: 130
石头: 4064
呼符: 68
体力: 30.299999999999997 / 138
友情点: 0 / 447355`
_2024-06-17 04:34:14_
--------
*2348592468fe7a90dffabbca982e5b10*
`登陆天数: 25天 / 662天
等级: 130
石头: 4063
呼符: 34
体力: 30.269999999999996 / 138
友情点: 0 / 448740`
_2024-06-17 04:34:22_
--------
*9b233ec48f0aebf215db9099f75e2314*
`登陆天数: 25天 / 663天
等级: 130
石头: 4057
呼符: 331
体力: 30.24666666666667 / 138
友情点: 0 / 446985`
_2024-06-17 04:34:30_
--------
*fd318cb78011cd5d1af546eeb7bb4b94*
`登陆天数: 25天 / 663天
等级: 130
石头: 4022
呼符: 328
体力: 30.21666666666667 / 138
友情点: 0 / 445750`
_2024-06-17 04:34:38_
--------
*692604e9941cbeec2b0b3ee54ae7804d*
`登陆天数: 25天 / 663天
等级: 130
石头: 4062
呼符: 265
体力: 30.193333333333328 / 138
友情点: 0 / 445675`
_2024-06-17 04:34:46_
--------
*19b0e1a2228ce591e28b0d022b6da1ca*
`登陆天数: 25天 / 663天
等级: 130
石头: 4067
呼符: 85
体力: 30.16666666666667 / 138
友情点: 0 / 446560`
_2024-06-17 04:34:54_
--------
*19ef3504c876bd29e4c5eb178d504bca*
`登陆天数: 25天 / 662天
等级: 130
石头: 4042
呼符: 276
体力: 30.14 / 138
友情点: 0 / 445950`
_2024-06-17 04:35:02_
--------
*5e2131975b61e566df8ab7d3533f01d2*
`登陆天数: 25天 / 662天
等级: 130
石头: 4065
呼符: 213
体力: 30.11333333333333 / 138
友情点: 0 / 446150`
_2024-06-17 04:35:10_
--------
*77183952f89cd2befcb60d93f6f3b0fb*
`登陆天数: 25天 / 662天
等级: 130
石头: 4061
呼符: 128
体力: 30.086666666666673 / 138
友情点: 0 / 445935`
_2024-06-17 04:35:19_
--------
*a2d111d33adad87037fe3d9ae11c00ef*
`登陆天数: 25天 / 662天
等级: 130
石头: 4063
呼符: 34
体力: 30.060000000000002 / 138
友情点: 0 / 446035`
_2024-06-17 04:35:27_
--------
*92b9264415d56def0af7b3d01e734896*
`登陆天数: 26天 / 664天
等级: 130
石头: 4070
呼符: 291
体力: 30.03333333333333 / 138
友情点: 0 / 445315`
_2024-06-17 04:35:35_
--------
*d95136c6a9962e3429ac9025bc2be43d*
`登陆天数: 26天 / 663天
等级: 130
石头: 4064
呼符: 170
体力: 30.010000000000005 / 138
友情点: 0 / 446440`
_2024-06-17 04:35:43_
--------
*c1903336d6a4a100128eb0db008e7338*
`登陆天数: 25天 / 663天
等级: 130
石头: 4055
呼符: 217
体力: 29.983333333333334 / 138
友情点: 0 / 448520`
_2024-06-17 04:35:51_
--------
*e86d748fa3290322649a8680760f0519*
`登陆天数: 25天 / 662天
等级: 130
石头: 4068
呼符: 181
体力: 29.953333333333333 / 138
友情点: 0 / 448190`
_2024-06-17 04:35:59_
--------
*25c4b0f5786e8cbae7de775e47ea797d*
`登陆天数: 25天 / 662天
等级: 130
石头: 4071
呼符: 127
体力: 29.930000000000007 / 138
友情点: 0 / 446295`
_2024-06-17 04:36:07_
--------
*c94f8fb36a40f6022e81c3fac4426aa0*
`登陆天数: 25天 / 662天
等级: 130
石头: 4045
呼符: 90
体力: 29.903333333333336 / 138
友情点: 0 / 446335`
_2024-06-17 04:36:15_
--------
*55ddef8f1bc8f01e1753b3e72dc30a5f*
`登陆天数: 25天 / 662天
等级: 130
石头: 4053
呼符: 320
体力: 29.876666666666665 / 138
友情点: 0 / 446505`
_2024-06-17 04:36:23_
--------
*16decacabe495a74848cfc1b7124673d*
`登陆天数: 25天 / 663天
等级: 130
石头: 4052
呼符: 295
体力: 29.849999999999994 / 138
友情点: 0 / 447800`
_2024-06-17 04:36:31_
--------
*f287e413d279c4ebbef4732751cab640*
`登陆天数: 25天 / 662天
等级: 130
石头: 4062
呼符: 163
体力: 29.823333333333338 / 138
友情点: 0 / 446750`
_2024-06-17 04:36:39_
--------
*57cf3a3a73d2edebd9f130be3d16efa8*
`登陆天数: 25天 / 662天
等级: 130
石头: 4065
呼符: 328
体力: 29.796666666666667 / 138
友情点: 0 / 446770`
_2024-06-17 04:36:46_
--------
*d350c31765994643f0e6ddea1e9d06bc*
`登陆天数: 25天 / 662天
等级: 130
石头: 4061
呼符: 54
体力: 29.769999999999996 / 138
友情点: 0 / 445985`
_2024-06-17 04:36:54_
--------
*4e55cf445ee0c2ef6253265cd6a3a929*
`登陆天数: 25天 / 663天
等级: 130
石头: 4045
呼符: 271
体力: 29.739999999999995 / 138
友情点: 0 / 448230`
_2024-06-17 04:37:02_
--------
*dad5adc84ce5abe077fda114f16a9d05*
`登陆天数: 25天 / 663天
等级: 130
石头: 4057
呼符: 330
体力: 29.71333333333334 / 138
友情点: 0 / 446680`
_2024-06-17 04:37:10_
--------
*921d1c4ed87ac1ab10c1b0a04bd2c8ed*
`登陆天数: 25天 / 662天
等级: 130
石头: 4064
呼符: 196
体力: 29.686666666666667 / 138
友情点: 0 / 447000`
_2024-06-17 04:37:18_
--------
*40f3d861aee0cf84d4a0840d8c372a5b*
`登陆天数: 25天 / 663天
等级: 130
石头: 4068
呼符: 35
体力: 29.663333333333327 / 138
友情点: 0 / 445945`
_2024-06-17 04:37:26_
--------
*603275524416c3912f5024c92d0f961c*
`登陆天数: 25天 / 663天
等级: 130
石头: 4061
呼符: 119
体力: 29.63333333333334 / 138
友情点: 0 / 445960`
_2024-06-17 04:37:34_
--------
*8bf7f0b496e73e90108108064c8d1025*
`登陆天数: 25天 / 663天
等级: 130
石头: 4068
呼符: 316
体力: 29.61 / 138
友情点: 0 / 446470`
_2024-06-17 04:37:42_
--------
*b38de19acd62fb60fb8f48094a7e6813*
`登陆天数: 25天 / 662天
等级: 130
石头: 4054
呼符: 274
体力: 29.58333333333333 / 138
友情点: 0 / 447815`
_2024-06-17 04:37:50_
--------
*f6068f076a4e7f9a194989fc309aa340*
`登陆天数: 25天 / 663天
等级: 130
石头: 4061
呼符: 297
体力: 29.556666666666672 / 138
友情点: 0 / 448150`
_2024-06-17 04:37:58_
--------
*3d3c0c635910338891ca3735b496d68b*
`登陆天数: 25天 / 663天
等级: 130
石头: 4067
呼符: 261
体力: 29.53 / 138
友情点: 0 / 447440`
_2024-06-17 04:38:06_
--------
*f85936368c865168333f51d37af18328*
`登陆天数: 25天 / 662天
等级: 130
石头: 4069
呼符: 302
体力: 29.50333333333333 / 138
友情点: 0 / 446415`
_2024-06-17 04:38:14_
--------
*0e127942d2b21f0f50bb59b200354392*
`登陆天数: 25天 / 662天
等级: 130
石头: 4021
呼符: 34
体力: 29.476666666666674 / 138
友情点: 0 / 446935`
_2024-06-17 04:38:22_
--------
*9278fb48ad8e6de8eea81e0bacf56a50*
`登陆天数: 25天 / 662天
等级: 130
石头: 4036
呼符: 325
体力: 29.453333333333333 / 138
友情点: 0 / 447065`
_2024-06-17 04:38:30_
--------
*fccb293dd278a1ddbe1c4e640e5d8090*
`登陆天数: 25天 / 662天
等级: 130
石头: 4070
呼符: 44
体力: 29.423333333333332 / 138
友情点: 0 / 446425`
_2024-06-17 04:38:38_
--------
*e26c99efcc945ff9fce53bea9cbbd044*
`登陆天数: 25天 / 662天
等级: 130
石头: 4052
呼符: 149
体力: 29.39666666666666 / 138
友情点: 0 / 446595`
_2024-06-17 04:38:46_
--------
*fc7a7e0a25e6e85660990a6936b8a0f0*
`登陆天数: 25天 / 662天
等级: 130
石头: 4069
呼符: 304
体力: 29.370000000000005 / 138
友情点: 0 / 447775`
_2024-06-17 04:38:54_
--------
*cebfff55ba19ca3a7e5a1f3940a83ac0*
`登陆天数: 25天 / 662天
等级: 130
石头: 4064
呼符: 239
体力: 29.343333333333334 / 138
友情点: 0 / 445585`
_2024-06-17 04:39:02_
--------
*6767965d649129adb0955418f8601cee*
`登陆天数: 25天 / 662天
等级: 130
石头: 4062
呼符: 283
体力: 29.316666666666663 / 138
友情点: 0 / 449925`
_2024-06-17 04:39:10_
--------
*979aafaf82d347a492d0bbf372a5b43a*
`登陆天数: 25天 / 663天
等级: 130
石头: 4060
呼符: 35
体力: 29.28666666666666 / 138
友情点: 0 / 446405`
_2024-06-17 04:39:18_
--------
*2447b142c61b9ad7ceaac321c88153cb*
`登陆天数: 25天 / 663天
等级: 130
石头: 4063
呼符: 321
体力: 29.263333333333335 / 138
友情点: 0 / 445640`
_2024-06-17 04:39:26_
--------
*58e2bbca08853ce0bb8071a5e9d0ee89*
`登陆天数: 25天 / 662天
等级: 130
石头: 4055
呼符: 142
体力: 29.239999999999995 / 138
友情点: 0 / 445065`
_2024-06-17 04:39:34_
--------
*25d49ff78b6eb76ebd8cdee0b5df4e05*
`登陆天数: 25天 / 663天
等级: 130
石头: 4065
呼符: 203
体力: 29.21333333333334 / 138
友情点: 0 / 445655`
_2024-06-17 04:39:42_
--------
*d4e316ee7b1f93fb6a25aae62d13847d*
`登陆天数: 25天 / 663天
等级: 130
石头: 4060
呼符: 285
体力: 23.553333333333327 / 138
友情点: 0 / 463320`
_2024-06-17 04:39:50_
--------
