【登录信息】
*0a62c18e26790886093c447330334361*
`登陆天数: 28天 / 666天
等级: 130
石头: 4072
呼符: 51
体力: 29.85333333333334 / 138
友情点: 0 / 430205`
_2024-06-20 04:28:34_
--------
*794b11a146cf4e5bfd8bf1dfb37f8cf5*
`登陆天数: 28天 / 666天
等级: 130
石头: 4079
呼符: 315
体力: 29.823333333333338 / 138
友情点: 0 / 429575`
_2024-06-20 04:28:41_
--------
*869935bdb3f557990e9463c39a5fc84e*
`登陆天数: 28天 / 666天
等级: 130
石头: 4069
呼符: 321
体力: 29.796666666666667 / 138
友情点: 0 / 427460`
_2024-06-20 04:28:49_
--------
*4204891a7ad304e59437ba6e9fcf888d*
`登陆天数: 28天 / 666天
等级: 130
石头: 4077
呼符: 300
体力: 29.766666666666666 / 138
友情点: 0 / 428075`
_2024-06-20 04:28:57_
--------
*612a2ba04fa9b4b4eae112c013e39283*
`登陆天数: 28天 / 665天
等级: 130
石头: 4074
呼符: 35
体力: 29.736666666666665 / 138
友情点: 0 / 428590`
_2024-06-20 04:29:04_
--------
*e33b82ae8f432438164e3188479adfd4*
`登陆天数: 28天 / 665天
等级: 130
石头: 4025
呼符: 321
体力: 29.709999999999994 / 138
友情点: 0 / 428420`
_2024-06-20 04:29:12_
--------
*5cb3fc21ffde8ff97331bf2bc615f922*
`登陆天数: 28天 / 665天
等级: 130
石头: 4072
呼符: 103
体力: 29.680000000000007 / 138
友情点: 0 / 429555`
_2024-06-20 04:29:20_
--------
*1424fb88578fb0510168b43bdb942bdd*
`登陆天数: 28天 / 665天
等级: 130
石头: 4072
呼符: 69
体力: 29.653333333333336 / 138
友情点: 0 / 429355`
_2024-06-20 04:29:28_
--------
*2348592468fe7a90dffabbca982e5b10*
`登陆天数: 28天 / 665天
等级: 130
石头: 4071
呼符: 35
体力: 29.623333333333335 / 138
友情点: 0 / 430740`
_2024-06-20 04:29:35_
--------
*9b233ec48f0aebf215db9099f75e2314*
`登陆天数: 28天 / 666天
等级: 130
石头: 4065
呼符: 332
体力: 29.593333333333334 / 138
友情点: 0 / 428985`
_2024-06-20 04:29:43_
--------
*fd318cb78011cd5d1af546eeb7bb4b94*
`登陆天数: 28天 / 666天
等级: 130
石头: 4030
呼符: 329
体力: 29.563333333333333 / 138
友情点: 0 / 427750`
_2024-06-20 04:29:50_
--------
*692604e9941cbeec2b0b3ee54ae7804d*
`登陆天数: 28天 / 666天
等级: 130
石头: 4070
呼符: 266
体力: 29.53333333333333 / 138
友情点: 0 / 427675`
_2024-06-20 04:29:58_
--------
*19b0e1a2228ce591e28b0d022b6da1ca*
`登陆天数: 28天 / 666天
等级: 130
石头: 4075
呼符: 86
体力: 29.50333333333333 / 138
友情点: 0 / 428560`
_2024-06-20 04:30:06_
--------
*19ef3504c876bd29e4c5eb178d504bca*
`登陆天数: 28天 / 665天
等级: 130
石头: 4050
呼符: 277
体力: 29.476666666666674 / 138
友情点: 0 / 427950`
_2024-06-20 04:30:13_
--------
*5e2131975b61e566df8ab7d3533f01d2*
`登陆天数: 28天 / 665天
等级: 130
石头: 4073
呼符: 214
体力: 29.450000000000003 / 138
友情点: 0 / 428150`
_2024-06-20 04:30:21_
--------
*77183952f89cd2befcb60d93f6f3b0fb*
`登陆天数: 28天 / 665天
等级: 130
石头: 4069
呼符: 129
体力: 29.42 / 138
友情点: 0 / 427935`
_2024-06-20 04:30:29_
--------
*a2d111d33adad87037fe3d9ae11c00ef*
`登陆天数: 28天 / 665天
等级: 130
石头: 4071
呼符: 35
体力: 29.39333333333333 / 138
友情点: 0 / 428035`
_2024-06-20 04:30:37_
--------
*92b9264415d56def0af7b3d01e734896*
`登陆天数: 29天 / 667天
等级: 130
石头: 4078
呼符: 292
体力: 29.36666666666666 / 138
友情点: 0 / 429315`
_2024-06-20 04:30:45_
--------
*d95136c6a9962e3429ac9025bc2be43d*
`登陆天数: 29天 / 666天
等级: 130
石头: 4072
呼符: 171
体力: 29.336666666666673 / 138
友情点: 0 / 430440`
_2024-06-20 04:30:52_
--------
*c1903336d6a4a100128eb0db008e7338*
`登陆天数: 28天 / 666天
等级: 130
石头: 4063
呼符: 218
体力: 29.310000000000002 / 138
友情点: 0 / 430520`
_2024-06-20 04:31:00_
--------
*e86d748fa3290322649a8680760f0519*
`登陆天数: 28天 / 665天
等级: 130
石头: 4076
呼符: 182
体力: 29.28 / 138
友情点: 0 / 430190`
_2024-06-20 04:31:07_
--------
*25c4b0f5786e8cbae7de775e47ea797d*
`登陆天数: 28天 / 665天
等级: 130
石头: 4079
呼符: 128
体力: 29.25333333333333 / 138
友情点: 0 / 428295`
_2024-06-20 04:31:15_
--------
*c94f8fb36a40f6022e81c3fac4426aa0*
`登陆天数: 28天 / 665天
等级: 130
石头: 4053
呼符: 91
体力: 29.22333333333333 / 138
友情点: 0 / 430335`
_2024-06-20 04:31:23_
--------
*55ddef8f1bc8f01e1753b3e72dc30a5f*
`登陆天数: 28天 / 665天
等级: 130
石头: 4061
呼符: 321
体力: 29.193333333333328 / 138
友情点: 0 / 428505`
_2024-06-20 04:31:31_
--------
*16decacabe495a74848cfc1b7124673d*
`登陆天数: 28天 / 666天
等级: 130
石头: 4060
呼符: 296
体力: 29.16666666666667 / 138
友情点: 0 / 429800`
_2024-06-20 04:31:39_
--------
*f287e413d279c4ebbef4732751cab640*
`登陆天数: 28天 / 665天
等级: 130
石头: 4070
呼符: 164
体力: 29.14 / 138
友情点: 0 / 428750`
_2024-06-20 04:31:46_
--------
*57cf3a3a73d2edebd9f130be3d16efa8*
`登陆天数: 28天 / 665天
等级: 130
石头: 4073
呼符: 329
体力: 29.11 / 138
友情点: 0 / 428770`
_2024-06-20 04:31:54_
--------
*d350c31765994643f0e6ddea1e9d06bc*
`登陆天数: 28天 / 665天
等级: 130
石头: 4069
呼符: 55
体力: 29.08333333333333 / 138
友情点: 0 / 427985`
_2024-06-20 04:32:02_
--------
*4e55cf445ee0c2ef6253265cd6a3a929*
`登陆天数: 28天 / 666天
等级: 130
石头: 4053
呼符: 272
体力: 29.056666666666672 / 138
友情点: 0 / 430230`
_2024-06-20 04:32:09_
--------
*dad5adc84ce5abe077fda114f16a9d05*
`登陆天数: 28天 / 666天
等级: 130
石头: 4065
呼符: 331
体力: 29.023333333333326 / 138
友情点: 0 / 428680`
_2024-06-20 04:32:17_
--------
*921d1c4ed87ac1ab10c1b0a04bd2c8ed*
`登陆天数: 28天 / 665天
等级: 130
石头: 4072
呼符: 197
体力: 28.99666666666667 / 138
友情点: 0 / 429000`
_2024-06-20 04:32:25_
--------
*40f3d861aee0cf84d4a0840d8c372a5b*
`登陆天数: 28天 / 666天
等级: 130
石头: 4076
呼符: 36
体力: 28.97 / 138
友情点: 0 / 427945`
_2024-06-20 04:32:32_
--------
*603275524416c3912f5024c92d0f961c*
`登陆天数: 28天 / 666天
等级: 130
石头: 4069
呼符: 120
体力: 28.943333333333328 / 138
友情点: 0 / 427960`
_2024-06-20 04:32:40_
--------
*8bf7f0b496e73e90108108064c8d1025*
`登陆天数: 28天 / 666天
等级: 130
石头: 4076
呼符: 317
体力: 28.913333333333327 / 138
友情点: 0 / 428470`
_2024-06-20 04:32:48_
--------
*b38de19acd62fb60fb8f48094a7e6813*
`登陆天数: 28天 / 665天
等级: 130
石头: 4062
呼符: 275
体力: 28.88666666666667 / 138
友情点: 0 / 429815`
_2024-06-20 04:32:56_
--------
*f6068f076a4e7f9a194989fc309aa340*
`登陆天数: 28天 / 666天
等级: 130
石头: 4069
呼符: 298
体力: 28.86 / 138
友情点: 0 / 430150`
_2024-06-20 04:33:03_
--------
*3d3c0c635910338891ca3735b496d68b*
`登陆天数: 28天 / 666天
等级: 130
石头: 4075
呼符: 262
体力: 28.826666666666668 / 138
友情点: 0 / 429440`
_2024-06-20 04:33:11_
--------
*f85936368c865168333f51d37af18328*
`登陆天数: 28天 / 665天
等级: 130
石头: 4077
呼符: 303
体力: 28.799999999999997 / 138
友情点: 0 / 428415`
_2024-06-20 04:33:18_
--------
*0e127942d2b21f0f50bb59b200354392*
`登陆天数: 28天 / 665天
等级: 130
石头: 4029
呼符: 35
体力: 28.769999999999996 / 138
友情点: 0 / 428935`
_2024-06-20 04:33:26_
--------
*9278fb48ad8e6de8eea81e0bacf56a50*
`登陆天数: 28天 / 665天
等级: 130
石头: 4044
呼符: 326
体力: 28.74333333333334 / 138
友情点: 0 / 429065`
_2024-06-20 04:33:33_
--------
*fccb293dd278a1ddbe1c4e640e5d8090*
`登陆天数: 28天 / 665天
等级: 130
石头: 4078
呼符: 45
体力: 28.709999999999994 / 138
友情点: 0 / 428425`
_2024-06-20 04:33:41_
--------
*e26c99efcc945ff9fce53bea9cbbd044*
`登陆天数: 28天 / 665天
等级: 130
石头: 4060
呼符: 150
体力: 28.680000000000007 / 138
友情点: 0 / 428595`
_2024-06-20 04:33:49_
--------
*fc7a7e0a25e6e85660990a6936b8a0f0*
`登陆天数: 28天 / 665天
等级: 130
石头: 4077
呼符: 305
体力: 28.653333333333336 / 138
友情点: 0 / 429775`
_2024-06-20 04:33:56_
--------
*cebfff55ba19ca3a7e5a1f3940a83ac0*
`登陆天数: 28天 / 665天
等级: 130
石头: 4072
呼符: 240
体力: 28.626666666666665 / 138
友情点: 0 / 427585`
_2024-06-20 04:34:04_
--------
*6767965d649129adb0955418f8601cee*
`登陆天数: 28天 / 665天
等级: 130
石头: 4070
呼符: 284
体力: 28.593333333333334 / 138
友情点: 0 / 431925`
_2024-06-20 04:34:12_
--------
*979aafaf82d347a492d0bbf372a5b43a*
`登陆天数: 28天 / 666天
等级: 130
石头: 4068
呼符: 36
体力: 28.566666666666663 / 138
友情点: 0 / 428405`
_2024-06-20 04:34:20_
--------
*2447b142c61b9ad7ceaac321c88153cb*
`登陆天数: 28天 / 666天
等级: 130
石头: 4071
呼符: 322
体力: 28.540000000000006 / 138
友情点: 0 / 427640`
_2024-06-20 04:34:27_
--------
*58e2bbca08853ce0bb8071a5e9d0ee89*
`登陆天数: 28天 / 665天
等级: 130
石头: 4063
呼符: 143
体力: 28.510000000000005 / 138
友情点: 0 / 427065`
_2024-06-20 04:34:35_
--------
*25d49ff78b6eb76ebd8cdee0b5df4e05*
`登陆天数: 28天 / 666天
等级: 130
石头: 4073
呼符: 204
体力: 28.483333333333334 / 138
友情点: 0 / 427655`
_2024-06-20 04:34:43_
--------
*d4e316ee7b1f93fb6a25aae62d13847d*
`登陆天数: 28天 / 666天
等级: 130
石头: 4068
呼符: 286
体力: 28.093333333333334 / 138
友情点: 0 / 445320`
_2024-06-20 04:34:51_
--------
