【登录信息】
*0a62c18e26790886093c447330334361*
`登陆天数: 29天 / 667天
等级: 130
石头: 4072
呼符: 51
体力: 29.86333333333333 / 138
友情点: 0 / 426205`
_2024-06-21 04:30:34_
--------
*794b11a146cf4e5bfd8bf1dfb37f8cf5*
`登陆天数: 29天 / 667天
等级: 130
石头: 4079
呼符: 315
体力: 29.83333333333333 / 138
友情点: 0 / 425575`
_2024-06-21 04:30:42_
--------
*869935bdb3f557990e9463c39a5fc84e*
`登陆天数: 29天 / 667天
等级: 130
石头: 4069
呼符: 321
体力: 29.806666666666672 / 138
友情点: 0 / 423460`
_2024-06-21 04:30:50_
--------
*4204891a7ad304e59437ba6e9fcf888d*
`登陆天数: 29天 / 667天
等级: 130
石头: 4077
呼符: 300
体力: 29.78 / 138
友情点: 0 / 424075`
_2024-06-21 04:30:58_
--------
*612a2ba04fa9b4b4eae112c013e39283*
`登陆天数: 29天 / 666天
等级: 130
石头: 4074
呼符: 35
体力: 29.75333333333333 / 138
友情点: 0 / 424590`
_2024-06-21 04:31:05_
--------
*e33b82ae8f432438164e3188479adfd4*
`登陆天数: 29天 / 666天
等级: 130
石头: 4025
呼符: 321
体力: 29.72333333333333 / 138
友情点: 0 / 424420`
_2024-06-21 04:31:13_
--------
*5cb3fc21ffde8ff97331bf2bc615f922*
`登陆天数: 29天 / 666天
等级: 130
石头: 4072
呼符: 103
体力: 29.696666666666673 / 138
友情点: 0 / 425555`
_2024-06-21 04:31:21_
--------
*1424fb88578fb0510168b43bdb942bdd*
`登陆天数: 29天 / 666天
等级: 130
石头: 4072
呼符: 69
体力: 29.67 / 138
友情点: 0 / 425355`
_2024-06-21 04:31:29_
--------
*2348592468fe7a90dffabbca982e5b10*
`登陆天数: 29天 / 666天
等级: 130
石头: 4071
呼符: 35
体力: 29.64333333333333 / 138
友情点: 0 / 426740`
_2024-06-21 04:31:37_
--------
*9b233ec48f0aebf215db9099f75e2314*
`登陆天数: 29天 / 667天
等级: 130
石头: 4065
呼符: 332
体力: 29.61666666666666 / 138
友情点: 0 / 424985`
_2024-06-21 04:31:45_
--------
*fd318cb78011cd5d1af546eeb7bb4b94*
`登陆天数: 29天 / 667天
等级: 130
石头: 4030
呼符: 329
体力: 29.586666666666673 / 138
友情点: 0 / 423750`
_2024-06-21 04:31:53_
--------
*692604e9941cbeec2b0b3ee54ae7804d*
`登陆天数: 29天 / 667天
等级: 130
石头: 4070
呼符: 266
体力: 29.560000000000002 / 138
友情点: 0 / 423675`
_2024-06-21 04:32:01_
--------
*19b0e1a2228ce591e28b0d022b6da1ca*
`登陆天数: 29天 / 667天
等级: 130
石头: 4075
呼符: 86
体力: 29.53333333333333 / 138
友情点: 0 / 424560`
_2024-06-21 04:32:08_
--------
*19ef3504c876bd29e4c5eb178d504bca*
`登陆天数: 29天 / 666天
等级: 130
石头: 4050
呼符: 277
体力: 29.50666666666666 / 138
友情点: 0 / 423950`
_2024-06-21 04:32:16_
--------
*5e2131975b61e566df8ab7d3533f01d2*
`登陆天数: 29天 / 666天
等级: 130
石头: 4073
呼符: 214
体力: 29.476666666666674 / 138
友情点: 0 / 424150`
_2024-06-21 04:32:24_
--------
*77183952f89cd2befcb60d93f6f3b0fb*
`登陆天数: 29天 / 666天
等级: 130
石头: 4069
呼符: 129
体力: 29.450000000000003 / 138
友情点: 0 / 423935`
_2024-06-21 04:32:32_
--------
*a2d111d33adad87037fe3d9ae11c00ef*
`登陆天数: 29天 / 666天
等级: 130
石头: 4071
呼符: 35
体力: 29.423333333333332 / 138
友情点: 0 / 424035`
_2024-06-21 04:32:40_
--------
*92b9264415d56def0af7b3d01e734896*
`登陆天数: 30天 / 668天
等级: 130
石头: 4079
呼符: 292
体力: 29.39666666666666 / 138
友情点: 0 / 423315`
_2024-06-21 04:32:48_
--------
*d95136c6a9962e3429ac9025bc2be43d*
`登陆天数: 30天 / 667天
等级: 130
石头: 4073
呼符: 171
体力: 29.36333333333333 / 138
友情点: 0 / 424440`
_2024-06-21 04:32:56_
--------
*c1903336d6a4a100128eb0db008e7338*
`登陆天数: 29天 / 667天
等级: 130
石头: 4063
呼符: 218
体力: 29.336666666666673 / 138
友情点: 0 / 426520`
_2024-06-21 04:33:04_
--------
*e86d748fa3290322649a8680760f0519*
`登陆天数: 29天 / 666天
等级: 130
石头: 4076
呼符: 182
体力: 29.310000000000002 / 138
友情点: 0 / 426190`
_2024-06-21 04:33:11_
--------
*25c4b0f5786e8cbae7de775e47ea797d*
`登陆天数: 29天 / 666天
等级: 130
石头: 4079
呼符: 128
体力: 29.28333333333333 / 138
友情点: 0 / 424295`
_2024-06-21 04:33:19_
--------
*c94f8fb36a40f6022e81c3fac4426aa0*
`登陆天数: 29天 / 666天
等级: 130
石头: 4053
呼符: 91
体力: 29.25666666666666 / 138
友情点: 0 / 426335`
_2024-06-21 04:33:27_
--------
*55ddef8f1bc8f01e1753b3e72dc30a5f*
`登陆天数: 29天 / 666天
等级: 130
石头: 4061
呼符: 321
体力: 29.230000000000004 / 138
友情点: 0 / 424505`
_2024-06-21 04:33:35_
--------
*16decacabe495a74848cfc1b7124673d*
`登陆天数: 29天 / 667天
等级: 130
石头: 4060
呼符: 296
体力: 29.203333333333333 / 138
友情点: 0 / 425800`
_2024-06-21 04:33:43_
--------
*f287e413d279c4ebbef4732751cab640*
`登陆天数: 29天 / 666天
等级: 130
石头: 4070
呼符: 164
体力: 29.173333333333332 / 138
友情点: 0 / 424750`
_2024-06-21 04:33:51_
--------
*57cf3a3a73d2edebd9f130be3d16efa8*
`登陆天数: 29天 / 666天
等级: 130
石头: 4073
呼符: 329
体力: 29.14666666666666 / 138
友情点: 0 / 424770`
_2024-06-21 04:33:59_
--------
*d350c31765994643f0e6ddea1e9d06bc*
`登陆天数: 29天 / 666天
等级: 130
石头: 4069
呼符: 55
体力: 29.120000000000005 / 138
友情点: 0 / 423985`
_2024-06-21 04:34:06_
--------
*4e55cf445ee0c2ef6253265cd6a3a929*
`登陆天数: 29天 / 667天
等级: 130
石头: 4053
呼符: 272
体力: 29.090000000000003 / 138
友情点: 0 / 426230`
_2024-06-21 04:34:14_
--------
*dad5adc84ce5abe077fda114f16a9d05*
`登陆天数: 29天 / 667天
等级: 130
石头: 4065
呼符: 331
体力: 29.066666666666663 / 138
友情点: 0 / 424680`
_2024-06-21 04:34:22_
--------
*921d1c4ed87ac1ab10c1b0a04bd2c8ed*
`登陆天数: 29天 / 666天
等级: 130
石头: 4072
呼符: 197
体力: 29.040000000000006 / 138
友情点: 0 / 425000`
_2024-06-21 04:34:29_
--------
*40f3d861aee0cf84d4a0840d8c372a5b*
`登陆天数: 29天 / 667天
等级: 130
石头: 4076
呼符: 36
体力: 29.013333333333335 / 138
友情点: 0 / 423945`
_2024-06-21 04:34:38_
--------
*603275524416c3912f5024c92d0f961c*
`登陆天数: 29天 / 667天
等级: 130
石头: 4069
呼符: 120
体力: 28.980000000000004 / 138
友情点: 0 / 423960`
_2024-06-21 04:34:45_
--------
*8bf7f0b496e73e90108108064c8d1025*
`登陆天数: 29天 / 667天
等级: 130
石头: 4076
呼符: 317
体力: 28.953333333333333 / 138
友情点: 0 / 424470`
_2024-06-21 04:34:53_
--------
*b38de19acd62fb60fb8f48094a7e6813*
`登陆天数: 29天 / 666天
等级: 130
石头: 4062
呼符: 275
体力: 28.923333333333332 / 138
友情点: 0 / 425815`
_2024-06-21 04:35:01_
--------
*f6068f076a4e7f9a194989fc309aa340*
`登陆天数: 29天 / 667天
等级: 130
石头: 4069
呼符: 298
体力: 28.89666666666666 / 138
友情点: 0 / 426150`
_2024-06-21 04:35:09_
--------
*3d3c0c635910338891ca3735b496d68b*
`登陆天数: 29天 / 667天
等级: 130
石头: 4075
呼符: 262
体力: 28.873333333333335 / 138
友情点: 0 / 425440`
_2024-06-21 04:35:16_
--------
*f85936368c865168333f51d37af18328*
`登陆天数: 29天 / 666天
等级: 130
石头: 4077
呼符: 303
体力: 28.846666666666664 / 138
友情点: 0 / 424415`
_2024-06-21 04:35:24_
--------
*0e127942d2b21f0f50bb59b200354392*
`登陆天数: 29天 / 666天
等级: 130
石头: 4029
呼符: 35
体力: 28.816666666666663 / 138
友情点: 0 / 424935`
_2024-06-21 04:35:32_
--------
*9278fb48ad8e6de8eea81e0bacf56a50*
`登陆天数: 29天 / 666天
等级: 130
石头: 4044
呼符: 326
体力: 28.790000000000006 / 138
友情点: 0 / 425065`
_2024-06-21 04:35:40_
--------
*fccb293dd278a1ddbe1c4e640e5d8090*
`登陆天数: 29天 / 666天
等级: 130
石头: 4078
呼符: 45
体力: 28.763333333333335 / 138
友情点: 0 / 424425`
_2024-06-21 04:35:47_
--------
*e26c99efcc945ff9fce53bea9cbbd044*
`登陆天数: 29天 / 666天
等级: 130
石头: 4060
呼符: 150
体力: 28.733333333333334 / 138
友情点: 0 / 424595`
_2024-06-21 04:35:55_
--------
*fc7a7e0a25e6e85660990a6936b8a0f0*
`登陆天数: 29天 / 666天
等级: 130
石头: 4077
呼符: 305
体力: 28.706666666666663 / 138
友情点: 0 / 425775`
_2024-06-21 04:36:03_
--------
*cebfff55ba19ca3a7e5a1f3940a83ac0*
`登陆天数: 29天 / 666天
等级: 130
石头: 4072
呼符: 240
体力: 28.680000000000007 / 138
友情点: 0 / 423585`
_2024-06-21 04:36:11_
--------
*6767965d649129adb0955418f8601cee*
`登陆天数: 29天 / 666天
等级: 130
石头: 4070
呼符: 284
体力: 28.653333333333336 / 138
友情点: 0 / 427925`
_2024-06-21 04:36:18_
--------
*979aafaf82d347a492d0bbf372a5b43a*
`登陆天数: 29天 / 667天
等级: 130
石头: 4068
呼符: 36
体力: 28.623333333333335 / 138
友情点: 0 / 424405`
_2024-06-21 04:36:26_
--------
*2447b142c61b9ad7ceaac321c88153cb*
`登陆天数: 29天 / 667天
等级: 130
石头: 4071
呼符: 322
体力: 28.596666666666664 / 138
友情点: 0 / 423640`
_2024-06-21 04:36:34_
--------
*58e2bbca08853ce0bb8071a5e9d0ee89*
`登陆天数: 29天 / 666天
等级: 130
石头: 4063
呼符: 143
体力: 28.573333333333338 / 138
友情点: 0 / 423065`
_2024-06-21 04:36:42_
--------
*25d49ff78b6eb76ebd8cdee0b5df4e05*
`登陆天数: 29天 / 667天
等级: 130
石头: 4073
呼符: 204
体力: 28.546666666666667 / 138
友情点: 0 / 423655`
_2024-06-21 04:36:50_
--------
*d4e316ee7b1f93fb6a25aae62d13847d*
`登陆天数: 29天 / 667天
等级: 130
石头: 4068
呼符: 286
体力: 28.406666666666666 / 138
友情点: 0 / 441320`
_2024-06-21 04:36:58_
--------
