【登录信息】
*0a62c18e26790886093c447330334361*
`登陆天数: 30天 / 668天
等级: 130
石头: 4073
呼符: 52
体力: 29.413333333333327 / 138
友情点: 0 / 420205`
_2024-06-22 04:28:31_
--------
*794b11a146cf4e5bfd8bf1dfb37f8cf5*
`登陆天数: 30天 / 668天
等级: 130
石头: 4080
呼符: 316
体力: 29.38666666666667 / 138
友情点: 0 / 419575`
_2024-06-22 04:28:39_
--------
*869935bdb3f557990e9463c39a5fc84e*
`登陆天数: 30天 / 668天
等级: 130
石头: 4070
呼符: 322
体力: 29.36 / 138
友情点: 0 / 417460`
_2024-06-22 04:28:47_
--------
*4204891a7ad304e59437ba6e9fcf888d*
`登陆天数: 30天 / 668天
等级: 130
石头: 4078
呼符: 301
体力: 29.33333333333333 / 138
友情点: 0 / 418075`
_2024-06-22 04:28:56_
--------
*612a2ba04fa9b4b4eae112c013e39283*
`登陆天数: 30天 / 667天
等级: 130
石头: 4075
呼符: 36
体力: 29.306666666666672 / 138
友情点: 0 / 418590`
_2024-06-22 04:29:04_
--------
*e33b82ae8f432438164e3188479adfd4*
`登陆天数: 30天 / 667天
等级: 130
石头: 4026
呼符: 322
体力: 29.28 / 138
友情点: 0 / 418420`
_2024-06-22 04:29:12_
--------
*5cb3fc21ffde8ff97331bf2bc615f922*
`登陆天数: 30天 / 667天
等级: 130
石头: 4073
呼符: 104
体力: 29.25666666666666 / 138
友情点: 0 / 419555`
_2024-06-22 04:29:20_
--------
*1424fb88578fb0510168b43bdb942bdd*
`登陆天数: 30天 / 667天
等级: 130
石头: 4073
呼符: 70
体力: 29.226666666666674 / 138
友情点: 0 / 419355`
_2024-06-22 04:29:28_
--------
*2348592468fe7a90dffabbca982e5b10*
`登陆天数: 30天 / 667天
等级: 130
石头: 4072
呼符: 36
体力: 29.200000000000003 / 138
友情点: 0 / 420740`
_2024-06-22 04:29:36_
--------
*9b233ec48f0aebf215db9099f75e2314*
`登陆天数: 30天 / 668天
等级: 130
石头: 4066
呼符: 333
体力: 29.173333333333332 / 138
友情点: 0 / 418985`
_2024-06-22 04:29:44_
--------
*fd318cb78011cd5d1af546eeb7bb4b94*
`登陆天数: 30天 / 668天
等级: 130
石头: 4031
呼符: 330
体力: 29.14666666666666 / 138
友情点: 0 / 417750`
_2024-06-22 04:29:53_
--------
*692604e9941cbeec2b0b3ee54ae7804d*
`登陆天数: 30天 / 668天
等级: 130
石头: 4071
呼符: 267
体力: 29.120000000000005 / 138
友情点: 0 / 417675`
_2024-06-22 04:30:00_
--------
*19b0e1a2228ce591e28b0d022b6da1ca*
`登陆天数: 30天 / 668天
等级: 130
石头: 4076
呼符: 87
体力: 29.090000000000003 / 138
友情点: 0 / 418560`
_2024-06-22 04:30:08_
--------
*19ef3504c876bd29e4c5eb178d504bca*
`登陆天数: 30天 / 667天
等级: 130
石头: 4051
呼符: 278
体力: 29.063333333333333 / 138
友情点: 0 / 417950`
_2024-06-22 04:30:17_
--------
*5e2131975b61e566df8ab7d3533f01d2*
`登陆天数: 30天 / 667天
等级: 130
石头: 4074
呼符: 215
体力: 29.03666666666666 / 138
友情点: 0 / 418150`
_2024-06-22 04:30:24_
--------
*77183952f89cd2befcb60d93f6f3b0fb*
`登陆天数: 30天 / 667天
等级: 130
石头: 4070
呼符: 130
体力: 29.010000000000005 / 138
友情点: 0 / 417935`
_2024-06-22 04:30:33_
--------
*a2d111d33adad87037fe3d9ae11c00ef*
`登陆天数: 30天 / 667天
等级: 130
石头: 4072
呼符: 36
体力: 28.983333333333334 / 138
友情点: 0 / 418035`
_2024-06-22 04:30:41_
--------
*92b9264415d56def0af7b3d01e734896*
`登陆天数: 31天 / 669天
等级: 130
石头: 4079
呼符: 293
体力: 28.956666666666663 / 138
友情点: 0 / 417315`
_2024-06-22 04:30:49_
--------
*d95136c6a9962e3429ac9025bc2be43d*
`登陆天数: 31天 / 668天
等级: 130
石头: 4073
呼符: 172
体力: 28.930000000000007 / 138
友情点: 0 / 418440`
_2024-06-22 04:30:56_
--------
*c1903336d6a4a100128eb0db008e7338*
`登陆天数: 30天 / 668天
等级: 130
石头: 4064
呼符: 219
体力: 28.903333333333336 / 138
友情点: 0 / 420520`
_2024-06-22 04:31:04_
--------
*e86d748fa3290322649a8680760f0519*
`登陆天数: 30天 / 667天
等级: 130
石头: 4077
呼符: 183
体力: 28.876666666666665 / 138
友情点: 0 / 420190`
_2024-06-22 04:31:13_
--------
*25c4b0f5786e8cbae7de775e47ea797d*
`登陆天数: 30天 / 667天
等级: 130
石头: 4080
呼符: 129
体力: 28.846666666666664 / 138
友情点: 0 / 418295`
_2024-06-22 04:31:20_
--------
*c94f8fb36a40f6022e81c3fac4426aa0*
`登陆天数: 30天 / 667天
等级: 130
石头: 4054
呼符: 92
体力: 28.819999999999993 / 138
友情点: 0 / 420335`
_2024-06-22 04:31:28_
--------
*55ddef8f1bc8f01e1753b3e72dc30a5f*
`登陆天数: 30天 / 667天
等级: 130
石头: 4062
呼符: 322
体力: 28.796666666666667 / 138
友情点: 0 / 418505`
_2024-06-22 04:31:37_
--------
*16decacabe495a74848cfc1b7124673d*
`登陆天数: 30天 / 668天
等级: 130
石头: 4061
呼符: 297
体力: 28.766666666666666 / 138
友情点: 0 / 419800`
_2024-06-22 04:31:45_
--------
*f287e413d279c4ebbef4732751cab640*
`登陆天数: 30天 / 667天
等级: 130
石头: 4071
呼符: 165
体力: 28.74333333333334 / 138
友情点: 0 / 418750`
_2024-06-22 04:31:53_
--------
*57cf3a3a73d2edebd9f130be3d16efa8*
`登陆天数: 30天 / 667天
等级: 130
石头: 4074
呼符: 330
体力: 28.71666666666667 / 138
友情点: 0 / 418770`
_2024-06-22 04:32:01_
--------
*d350c31765994643f0e6ddea1e9d06bc*
`登陆天数: 30天 / 667天
等级: 130
石头: 4070
呼符: 56
体力: 28.689999999999998 / 138
友情点: 0 / 417985`
_2024-06-22 04:32:09_
--------
*4e55cf445ee0c2ef6253265cd6a3a929*
`登陆天数: 30天 / 668天
等级: 130
石头: 4054
呼符: 273
体力: 28.663333333333327 / 138
友情点: 0 / 420230`
_2024-06-22 04:32:17_
--------
*dad5adc84ce5abe077fda114f16a9d05*
`登陆天数: 30天 / 668天
等级: 130
石头: 4066
呼符: 332
体力: 28.63666666666667 / 138
友情点: 0 / 418680`
_2024-06-22 04:32:26_
--------
*921d1c4ed87ac1ab10c1b0a04bd2c8ed*
`登陆天数: 30天 / 667天
等级: 130
石头: 4073
呼符: 198
体力: 28.61 / 138
友情点: 0 / 419000`
_2024-06-22 04:32:33_
--------
*40f3d861aee0cf84d4a0840d8c372a5b*
`登陆天数: 30天 / 668天
等级: 130
石头: 4077
呼符: 37
体力: 28.58333333333333 / 138
友情点: 0 / 417945`
_2024-06-22 04:32:41_
--------
*603275524416c3912f5024c92d0f961c*
`登陆天数: 30天 / 668天
等级: 130
石头: 4070
呼符: 121
体力: 28.556666666666672 / 138
友情点: 0 / 417960`
_2024-06-22 04:32:49_
--------
*8bf7f0b496e73e90108108064c8d1025*
`登陆天数: 30天 / 668天
等级: 130
石头: 4077
呼符: 318
体力: 28.53 / 138
友情点: 0 / 418470`
_2024-06-22 04:32:57_
--------
*b38de19acd62fb60fb8f48094a7e6813*
`登陆天数: 30天 / 667天
等级: 130
石头: 4063
呼符: 276
体力: 28.50333333333333 / 138
友情点: 0 / 419815`
_2024-06-22 04:33:05_
--------
*f6068f076a4e7f9a194989fc309aa340*
`登陆天数: 30天 / 668天
等级: 130
石头: 4070
呼符: 299
体力: 28.47333333333333 / 138
友情点: 0 / 420150`
_2024-06-22 04:33:13_
--------
*3d3c0c635910338891ca3735b496d68b*
`登陆天数: 30天 / 668天
等级: 130
石头: 4076
呼符: 263
体力: 28.446666666666673 / 138
友情点: 0 / 419440`
_2024-06-22 04:33:21_
--------
*f85936368c865168333f51d37af18328*
`登陆天数: 30天 / 667天
等级: 130
石头: 4078
呼符: 304
体力: 28.42 / 138
友情点: 0 / 418415`
_2024-06-22 04:33:29_
--------
*0e127942d2b21f0f50bb59b200354392*
`登陆天数: 30天 / 667天
等级: 130
石头: 4030
呼符: 36
体力: 28.39333333333333 / 138
友情点: 0 / 418935`
_2024-06-22 04:33:37_
--------
*9278fb48ad8e6de8eea81e0bacf56a50*
`登陆天数: 30天 / 667天
等级: 130
石头: 4045
呼符: 327
体力: 28.36666666666666 / 138
友情点: 0 / 419065`
_2024-06-22 04:33:45_
--------
*fccb293dd278a1ddbe1c4e640e5d8090*
`登陆天数: 30天 / 667天
等级: 130
石头: 4079
呼符: 46
体力: 28.340000000000003 / 138
友情点: 0 / 418425`
_2024-06-22 04:33:53_
--------
*e26c99efcc945ff9fce53bea9cbbd044*
`登陆天数: 30天 / 667天
等级: 130
石头: 4061
呼符: 151
体力: 28.313333333333333 / 138
友情点: 0 / 418595`
_2024-06-22 04:34:01_
--------
*fc7a7e0a25e6e85660990a6936b8a0f0*
`登陆天数: 30天 / 667天
等级: 130
石头: 4078
呼符: 306
体力: 28.28666666666666 / 138
友情点: 0 / 419775`
_2024-06-22 04:34:09_
--------
*cebfff55ba19ca3a7e5a1f3940a83ac0*
`登陆天数: 30天 / 667天
等级: 130
石头: 4073
呼符: 241
体力: 28.260000000000005 / 138
友情点: 0 / 417585`
_2024-06-22 04:34:17_
--------
*6767965d649129adb0955418f8601cee*
`登陆天数: 30天 / 667天
等级: 130
石头: 4071
呼符: 285
体力: 28.233333333333334 / 138
友情点: 0 / 421925`
_2024-06-22 04:34:25_
--------
*979aafaf82d347a492d0bbf372a5b43a*
`登陆天数: 30天 / 668天
等级: 130
石头: 4069
呼符: 37
体力: 28.203333333333333 / 138
友情点: 0 / 418405`
_2024-06-22 04:34:33_
--------
*2447b142c61b9ad7ceaac321c88153cb*
`登陆天数: 30天 / 668天
等级: 130
石头: 4072
呼符: 323
体力: 28.176666666666662 / 138
友情点: 0 / 417640`
_2024-06-22 04:34:41_
--------
*58e2bbca08853ce0bb8071a5e9d0ee89*
`登陆天数: 30天 / 667天
等级: 130
石头: 4064
呼符: 144
体力: 28.153333333333336 / 138
友情点: 0 / 417065`
_2024-06-22 04:34:49_
--------
*25d49ff78b6eb76ebd8cdee0b5df4e05*
`登陆天数: 30天 / 668天
等级: 130
石头: 4074
呼符: 205
体力: 28.126666666666665 / 138
友情点: 0 / 417655`
_2024-06-22 04:34:57_
--------
*d4e316ee7b1f93fb6a25aae62d13847d*
`登陆天数: 30天 / 668天
等级: 130
石头: 4069
呼符: 287
体力: 27.99333333333334 / 138
友情点: 0 / 435320`
_2024-06-22 04:35:05_
--------
