【登录信息】
*0a62c18e26790886093c447330334361*
`登陆天数: 31天 / 669天
等级: 130
石头: 4074
呼符: 52
体力: 30.299999999999997 / 138
友情点: 0 / 414205`
_2024-06-23 04:29:21_
--------
*794b11a146cf4e5bfd8bf1dfb37f8cf5*
`登陆天数: 31天 / 669天
等级: 130
石头: 4081
呼符: 316
体力: 30.273333333333326 / 138
友情点: 0 / 413575`
_2024-06-23 04:29:29_
--------
*869935bdb3f557990e9463c39a5fc84e*
`登陆天数: 31天 / 669天
等级: 130
石头: 4071
呼符: 322
体力: 30.24666666666667 / 138
友情点: 0 / 411460`
_2024-06-23 04:29:37_
--------
*4204891a7ad304e59437ba6e9fcf888d*
`登陆天数: 31天 / 669天
等级: 130
石头: 4079
呼符: 301
体力: 30.22 / 138
友情点: 0 / 412075`
_2024-06-23 04:29:45_
--------
*612a2ba04fa9b4b4eae112c013e39283*
`登陆天数: 31天 / 668天
等级: 130
石头: 4076
呼符: 36
体力: 30.193333333333328 / 138
友情点: 0 / 412590`
_2024-06-23 04:29:54_
--------
*e33b82ae8f432438164e3188479adfd4*
`登陆天数: 31天 / 668天
等级: 130
石头: 4027
呼符: 322
体力: 30.16666666666667 / 138
友情点: 0 / 412420`
_2024-06-23 04:30:02_
--------
*5cb3fc21ffde8ff97331bf2bc615f922*
`登陆天数: 31天 / 668天
等级: 130
石头: 4074
呼符: 104
体力: 30.14333333333333 / 138
友情点: 0 / 413555`
_2024-06-23 04:30:10_
--------
*1424fb88578fb0510168b43bdb942bdd*
`登陆天数: 31天 / 668天
等级: 130
石头: 4074
呼符: 70
体力: 30.11333333333333 / 138
友情点: 0 / 413355`
_2024-06-23 04:30:19_
--------
*2348592468fe7a90dffabbca982e5b10*
`登陆天数: 31天 / 668天
等级: 130
石头: 4073
呼符: 36
体力: 30.086666666666673 / 138
友情点: 0 / 414740`
_2024-06-23 04:30:27_
--------
*9b233ec48f0aebf215db9099f75e2314*
`登陆天数: 31天 / 669天
等级: 130
石头: 4067
呼符: 333
体力: 30.060000000000002 / 138
友情点: 0 / 412985`
_2024-06-23 04:30:35_
--------
*fd318cb78011cd5d1af546eeb7bb4b94*
`登陆天数: 31天 / 669天
等级: 130
石头: 4032
呼符: 330
体力: 30.03 / 138
友情点: 0 / 411750`
_2024-06-23 04:30:43_
--------
*692604e9941cbeec2b0b3ee54ae7804d*
`登陆天数: 31天 / 669天
等级: 130
石头: 4072
呼符: 267
体力: 30.00333333333333 / 138
友情点: 0 / 411675`
_2024-06-23 04:30:51_
--------
*19b0e1a2228ce591e28b0d022b6da1ca*
`登陆天数: 31天 / 669天
等级: 130
石头: 4077
呼符: 87
体力: 29.976666666666674 / 138
友情点: 0 / 412560`
_2024-06-23 04:30:59_
--------
*19ef3504c876bd29e4c5eb178d504bca*
`登陆天数: 31天 / 668天
等级: 130
石头: 4052
呼符: 278
体力: 29.946666666666673 / 138
友情点: 0 / 411950`
_2024-06-23 04:31:07_
--------
*5e2131975b61e566df8ab7d3533f01d2*
`登陆天数: 31天 / 668天
等级: 130
石头: 4075
呼符: 215
体力: 29.923333333333332 / 138
友情点: 0 / 412150`
_2024-06-23 04:31:15_
--------
*77183952f89cd2befcb60d93f6f3b0fb*
`登陆天数: 31天 / 668天
等级: 130
石头: 4071
呼符: 130
体力: 29.900000000000006 / 138
友情点: 0 / 411935`
_2024-06-23 04:31:24_
--------
*a2d111d33adad87037fe3d9ae11c00ef*
`登陆天数: 31天 / 668天
等级: 130
石头: 4073
呼符: 36
体力: 29.86666666666666 / 138
友情点: 0 / 412035`
_2024-06-23 04:31:32_
--------
*92b9264415d56def0af7b3d01e734896*
`登陆天数: 32天 / 670天
等级: 130
石头: 4081
呼符: 293
体力: 29.840000000000003 / 138
友情点: 0 / 411315`
_2024-06-23 04:31:40_
--------
*d95136c6a9962e3429ac9025bc2be43d*
`登陆天数: 32天 / 669天
等级: 130
石头: 4075
呼符: 172
体力: 29.816666666666663 / 138
友情点: 0 / 412440`
_2024-06-23 04:31:48_
--------
*c1903336d6a4a100128eb0db008e7338*
`登陆天数: 31天 / 669天
等级: 130
石头: 4065
呼符: 219
体力: 29.790000000000006 / 138
友情点: 0 / 414520`
_2024-06-23 04:31:56_
--------
*e86d748fa3290322649a8680760f0519*
`登陆天数: 31天 / 668天
等级: 130
石头: 4078
呼符: 183
体力: 29.760000000000005 / 138
友情点: 0 / 414190`
_2024-06-23 04:32:04_
--------
*25c4b0f5786e8cbae7de775e47ea797d*
`登陆天数: 31天 / 668天
等级: 130
石头: 4081
呼符: 129
体力: 29.733333333333334 / 138
友情点: 0 / 412295`
_2024-06-23 04:32:12_
--------
*c94f8fb36a40f6022e81c3fac4426aa0*
`登陆天数: 31天 / 668天
等级: 130
石头: 4055
呼符: 92
体力: 29.703333333333333 / 138
友情点: 0 / 414335`
_2024-06-23 04:32:20_
--------
*55ddef8f1bc8f01e1753b3e72dc30a5f*
`登陆天数: 31天 / 668天
等级: 130
石头: 4063
呼符: 322
体力: 29.676666666666662 / 138
友情点: 0 / 412505`
_2024-06-23 04:32:29_
--------
*16decacabe495a74848cfc1b7124673d*
`登陆天数: 31天 / 669天
等级: 130
石头: 4062
呼符: 297
体力: 29.650000000000006 / 138
友情点: 0 / 413800`
_2024-06-23 04:32:36_
--------
*f287e413d279c4ebbef4732751cab640*
`登陆天数: 31天 / 668天
等级: 130
石头: 4072
呼符: 165
体力: 29.623333333333335 / 138
友情点: 0 / 412750`
_2024-06-23 04:32:44_
--------
*57cf3a3a73d2edebd9f130be3d16efa8*
`登陆天数: 31天 / 668天
等级: 130
石头: 4075
呼符: 330
体力: 29.596666666666664 / 138
友情点: 0 / 412770`
_2024-06-23 04:32:52_
--------
*d350c31765994643f0e6ddea1e9d06bc*
`登陆天数: 31天 / 668天
等级: 130
石头: 4071
呼符: 56
体力: 29.569999999999993 / 138
友情点: 0 / 411985`
_2024-06-23 04:33:01_
--------
*4e55cf445ee0c2ef6253265cd6a3a929*
`登陆天数: 31天 / 669天
等级: 130
石头: 4055
呼符: 273
体力: 29.543333333333337 / 138
友情点: 0 / 414230`
_2024-06-23 04:33:08_
--------
*dad5adc84ce5abe077fda114f16a9d05*
`登陆天数: 31天 / 669天
等级: 130
石头: 4067
呼符: 332
体力: 29.516666666666666 / 138
友情点: 0 / 412680`
_2024-06-23 04:33:16_
--------
*921d1c4ed87ac1ab10c1b0a04bd2c8ed*
`登陆天数: 31天 / 668天
等级: 130
石头: 4074
呼符: 198
体力: 29.489999999999995 / 138
友情点: 0 / 413000`
_2024-06-23 04:33:24_
--------
*40f3d861aee0cf84d4a0840d8c372a5b*
`登陆天数: 31天 / 669天
等级: 130
石头: 4078
呼符: 37
体力: 29.46333333333334 / 138
友情点: 0 / 411945`
_2024-06-23 04:33:32_
--------
*603275524416c3912f5024c92d0f961c*
`登陆天数: 31天 / 669天
等级: 130
石头: 4071
呼符: 121
体力: 29.436666666666667 / 138
友情点: 0 / 411960`
_2024-06-23 04:33:40_
--------
*8bf7f0b496e73e90108108064c8d1025*
`登陆天数: 31天 / 669天
等级: 130
石头: 4078
呼符: 318
体力: 29.409999999999997 / 138
友情点: 0 / 412470`
_2024-06-23 04:33:49_
--------
*b38de19acd62fb60fb8f48094a7e6813*
`登陆天数: 31天 / 668天
等级: 130
石头: 4064
呼符: 276
体力: 29.38333333333334 / 138
友情点: 0 / 413815`
_2024-06-23 04:33:56_
--------
*f6068f076a4e7f9a194989fc309aa340*
`登陆天数: 31天 / 669天
等级: 130
石头: 4071
呼符: 299
体力: 29.35666666666667 / 138
友情点: 0 / 414150`
_2024-06-23 04:34:04_
--------
*3d3c0c635910338891ca3735b496d68b*
`登陆天数: 31天 / 669天
等级: 130
石头: 4077
呼符: 263
体力: 29.33 / 138
友情点: 0 / 413440`
_2024-06-23 04:34:13_
--------
*f85936368c865168333f51d37af18328*
`登陆天数: 31天 / 668天
等级: 130
石头: 4079
呼符: 304
体力: 29.303333333333327 / 138
友情点: 0 / 412415`
_2024-06-23 04:34:21_
--------
*0e127942d2b21f0f50bb59b200354392*
`登陆天数: 31天 / 668天
等级: 130
石头: 4031
呼符: 36
体力: 29.27666666666667 / 138
友情点: 0 / 412935`
_2024-06-23 04:34:29_
--------
*9278fb48ad8e6de8eea81e0bacf56a50*
`登陆天数: 31天 / 668天
等级: 130
石头: 4046
呼符: 327
体力: 29.25333333333333 / 138
友情点: 0 / 413065`
_2024-06-23 04:34:37_
--------
*fccb293dd278a1ddbe1c4e640e5d8090*
`登陆天数: 31天 / 668天
等级: 130
石头: 4080
呼符: 46
体力: 29.226666666666674 / 138
友情点: 0 / 412425`
_2024-06-23 04:34:45_
--------
*e26c99efcc945ff9fce53bea9cbbd044*
`登陆天数: 31天 / 668天
等级: 130
石头: 4062
呼符: 151
体力: 29.200000000000003 / 138
友情点: 0 / 412595`
_2024-06-23 04:34:53_
--------
*fc7a7e0a25e6e85660990a6936b8a0f0*
`登陆天数: 31天 / 668天
等级: 130
石头: 4079
呼符: 306
体力: 29.173333333333332 / 138
友情点: 0 / 413775`
_2024-06-23 04:35:01_
--------
*cebfff55ba19ca3a7e5a1f3940a83ac0*
`登陆天数: 31天 / 668天
等级: 130
石头: 4074
呼符: 241
体力: 29.14333333333333 / 138
友情点: 0 / 411585`
_2024-06-23 04:35:09_
--------
*6767965d649129adb0955418f8601cee*
`登陆天数: 31天 / 668天
等级: 130
石头: 4072
呼符: 285
体力: 29.11666666666666 / 138
友情点: 0 / 415925`
_2024-06-23 04:35:17_
--------
*979aafaf82d347a492d0bbf372a5b43a*
`登陆天数: 31天 / 669天
等级: 130
石头: 4070
呼符: 37
体力: 29.090000000000003 / 138
友情点: 0 / 412405`
_2024-06-23 04:35:25_
--------
*2447b142c61b9ad7ceaac321c88153cb*
`登陆天数: 31天 / 669天
等级: 130
石头: 4073
呼符: 323
体力: 29.063333333333333 / 138
友情点: 0 / 411640`
_2024-06-23 04:35:34_
--------
*58e2bbca08853ce0bb8071a5e9d0ee89*
`登陆天数: 31天 / 668天
等级: 130
石头: 4065
呼符: 144
体力: 29.03666666666666 / 138
友情点: 0 / 411065`
_2024-06-23 04:35:42_
--------
*25d49ff78b6eb76ebd8cdee0b5df4e05*
`登陆天数: 31天 / 669天
等级: 130
石头: 4075
呼符: 205
体力: 29.013333333333335 / 138
友情点: 0 / 411655`
_2024-06-23 04:35:50_
--------
*d4e316ee7b1f93fb6a25aae62d13847d*
`登陆天数: 31天 / 669天
等级: 130
石头: 4070
呼符: 287
体力: 28.819999999999993 / 138
友情点: 0 / 429320`
_2024-06-23 04:35:58_
--------
