【登录信息】
*0a62c18e26790886093c447330334361*
`登陆天数: 34天 / 672天
等级: 130
石头: 4078
呼符: 53
体力: 30.293333333333337 / 138
友情点: 0 / 396205`
_2024-06-26 04:31:52_
--------
*794b11a146cf4e5bfd8bf1dfb37f8cf5*
`登陆天数: 34天 / 672天
等级: 130
石头: 4085
呼符: 317
体力: 30.266666666666666 / 138
友情点: 0 / 395575`
_2024-06-26 04:32:00_
--------
*869935bdb3f557990e9463c39a5fc84e*
`登陆天数: 34天 / 672天
等级: 130
石头: 4075
呼符: 323
体力: 30.236666666666665 / 138
友情点: 0 / 393460`
_2024-06-26 04:32:07_
--------
*4204891a7ad304e59437ba6e9fcf888d*
`登陆天数: 34天 / 672天
等级: 130
石头: 4083
呼符: 302
体力: 30.209999999999994 / 138
友情点: 0 / 394075`
_2024-06-26 04:32:15_
--------
*612a2ba04fa9b4b4eae112c013e39283*
`登陆天数: 34天 / 671天
等级: 130
石头: 4080
呼符: 37
体力: 30.183333333333337 / 138
友情点: 0 / 400590`
_2024-06-26 04:32:23_
--------
*e33b82ae8f432438164e3188479adfd4*
`登陆天数: 34天 / 671天
等级: 130
石头: 4031
呼符: 323
体力: 30.153333333333336 / 138
友情点: 0 / 394420`
_2024-06-26 04:32:31_
--------
*5cb3fc21ffde8ff97331bf2bc615f922*
`登陆天数: 34天 / 671天
等级: 130
石头: 4078
呼符: 105
体力: 30.126666666666665 / 138
友情点: 0 / 395555`
_2024-06-26 04:32:38_
--------
*1424fb88578fb0510168b43bdb942bdd*
`登陆天数: 34天 / 671天
等级: 130
石头: 4078
呼符: 71
体力: 30.099999999999994 / 138
友情点: 0 / 395355`
_2024-06-26 04:32:46_
--------
*2348592468fe7a90dffabbca982e5b10*
`登陆天数: 34天 / 671天
等级: 130
石头: 4077
呼符: 37
体力: 30.066666666666663 / 138
友情点: 0 / 396740`
_2024-06-26 04:32:54_
--------
*9b233ec48f0aebf215db9099f75e2314*
`登陆天数: 34天 / 672天
等级: 130
石头: 4071
呼符: 334
体力: 30.03666666666666 / 138
友情点: 0 / 394985`
_2024-06-26 04:33:02_
--------
*fd318cb78011cd5d1af546eeb7bb4b94*
`登陆天数: 34天 / 672天
等级: 130
石头: 4036
呼符: 331
体力: 30.010000000000005 / 138
友情点: 0 / 393750`
_2024-06-26 04:33:10_
--------
*692604e9941cbeec2b0b3ee54ae7804d*
`登陆天数: 34天 / 672天
等级: 130
石头: 4076
呼符: 268
体力: 29.983333333333334 / 138
友情点: 0 / 393675`
_2024-06-26 04:33:17_
--------
*19b0e1a2228ce591e28b0d022b6da1ca*
`登陆天数: 34天 / 672天
等级: 130
石头: 4081
呼符: 88
体力: 29.953333333333333 / 138
友情点: 0 / 394560`
_2024-06-26 04:33:25_
--------
*19ef3504c876bd29e4c5eb178d504bca*
`登陆天数: 34天 / 671天
等级: 130
石头: 4056
呼符: 279
体力: 29.923333333333332 / 138
友情点: 0 / 393950`
_2024-06-26 04:33:33_
--------
*5e2131975b61e566df8ab7d3533f01d2*
`登陆天数: 34天 / 671天
等级: 130
石头: 4079
呼符: 216
体力: 29.89666666666666 / 138
友情点: 0 / 394150`
_2024-06-26 04:33:41_
--------
*77183952f89cd2befcb60d93f6f3b0fb*
`登陆天数: 34天 / 671天
等级: 130
石头: 4075
呼符: 131
体力: 29.86666666666666 / 138
友情点: 0 / 393935`
_2024-06-26 04:33:49_
--------
*a2d111d33adad87037fe3d9ae11c00ef*
`登陆天数: 34天 / 671天
等级: 130
石头: 4077
呼符: 37
体力: 29.840000000000003 / 138
友情点: 0 / 394035`
_2024-06-26 04:33:57_
--------
*92b9264415d56def0af7b3d01e734896*
`登陆天数: 35天 / 673天
等级: 130
石头: 4084
呼符: 295
体力: 29.810000000000002 / 138
友情点: 0 / 393315`
_2024-06-26 04:34:05_
--------
*d95136c6a9962e3429ac9025bc2be43d*
`登陆天数: 35天 / 672天
等级: 130
石头: 4078
呼符: 174
体力: 29.78333333333333 / 138
友情点: 0 / 394440`
_2024-06-26 04:34:12_
--------
*c1903336d6a4a100128eb0db008e7338*
`登陆天数: 34天 / 672天
等级: 130
石头: 4069
呼符: 220
体力: 29.75666666666666 / 138
友情点: 0 / 396520`
_2024-06-26 04:34:20_
--------
*e86d748fa3290322649a8680760f0519*
`登陆天数: 34天 / 671天
等级: 130
石头: 4082
呼符: 184
体力: 29.726666666666674 / 138
友情点: 0 / 396190`
_2024-06-26 04:34:28_
--------
*25c4b0f5786e8cbae7de775e47ea797d*
`登陆天数: 34天 / 671天
等级: 130
石头: 4085
呼符: 130
体力: 29.696666666666673 / 138
友情点: 0 / 394295`
_2024-06-26 04:34:36_
--------
*c94f8fb36a40f6022e81c3fac4426aa0*
`登陆天数: 34天 / 671天
等级: 130
石头: 4059
呼符: 93
体力: 29.67 / 138
友情点: 0 / 396335`
_2024-06-26 04:34:44_
--------
*55ddef8f1bc8f01e1753b3e72dc30a5f*
`登陆天数: 34天 / 671天
等级: 130
石头: 4067
呼符: 323
体力: 29.63666666666667 / 138
友情点: 0 / 394505`
_2024-06-26 04:34:52_
--------
*16decacabe495a74848cfc1b7124673d*
`登陆天数: 34天 / 672天
等级: 130
石头: 4066
呼符: 298
体力: 29.61 / 138
友情点: 0 / 395800`
_2024-06-26 04:35:00_
--------
*f287e413d279c4ebbef4732751cab640*
`登陆天数: 34天 / 671天
等级: 130
石头: 4076
呼符: 166
体力: 29.58333333333333 / 138
友情点: 0 / 394750`
_2024-06-26 04:35:08_
--------
*57cf3a3a73d2edebd9f130be3d16efa8*
`登陆天数: 34天 / 671天
等级: 130
石头: 4079
呼符: 331
体力: 29.556666666666672 / 138
友情点: 0 / 394770`
_2024-06-26 04:35:15_
--------
*d350c31765994643f0e6ddea1e9d06bc*
`登陆天数: 34天 / 671天
等级: 130
石头: 4075
呼符: 57
体力: 29.52666666666667 / 138
友情点: 0 / 393985`
_2024-06-26 04:35:23_
--------
*4e55cf445ee0c2ef6253265cd6a3a929*
`登陆天数: 34天 / 672天
等级: 130
石头: 4059
呼符: 274
体力: 29.49333333333334 / 138
友情点: 0 / 396230`
_2024-06-26 04:35:31_
--------
*dad5adc84ce5abe077fda114f16a9d05*
`登陆天数: 34天 / 672天
等级: 130
石头: 4071
呼符: 333
体力: 29.46333333333334 / 138
友情点: 0 / 394680`
_2024-06-26 04:35:39_
--------
*921d1c4ed87ac1ab10c1b0a04bd2c8ed*
`登陆天数: 34天 / 671天
等级: 130
石头: 4078
呼符: 199
体力: 29.436666666666667 / 138
友情点: 0 / 395000`
_2024-06-26 04:35:46_
--------
*40f3d861aee0cf84d4a0840d8c372a5b*
`登陆天数: 34天 / 672天
等级: 130
石头: 4082
呼符: 38
体力: 29.409999999999997 / 138
友情点: 0 / 393945`
_2024-06-26 04:35:54_
--------
*603275524416c3912f5024c92d0f961c*
`登陆天数: 34天 / 672天
等级: 130
石头: 4075
呼符: 122
体力: 29.38333333333334 / 138
友情点: 0 / 393960`
_2024-06-26 04:36:03_
--------
*8bf7f0b496e73e90108108064c8d1025*
`登陆天数: 34天 / 672天
等级: 130
石头: 4082
呼符: 319
体力: 29.35666666666667 / 138
友情点: 0 / 394470`
_2024-06-26 04:36:10_
--------
*b38de19acd62fb60fb8f48094a7e6813*
`登陆天数: 34天 / 671天
等级: 130
石头: 4068
呼符: 277
体力: 29.326666666666668 / 138
友情点: 0 / 395815`
_2024-06-26 04:36:18_
--------
*f6068f076a4e7f9a194989fc309aa340*
`登陆天数: 34天 / 672天
等级: 130
石头: 4075
呼符: 300
体力: 29.293333333333337 / 138
友情点: 0 / 396150`
_2024-06-26 04:36:26_
--------
*3d3c0c635910338891ca3735b496d68b*
`登陆天数: 34天 / 672天
等级: 130
石头: 4081
呼符: 264
体力: 29.263333333333335 / 138
友情点: 0 / 395440`
_2024-06-26 04:36:34_
--------
*f85936368c865168333f51d37af18328*
`登陆天数: 34天 / 671天
等级: 130
石头: 4083
呼符: 305
体力: 29.233333333333334 / 138
友情点: 0 / 394415`
_2024-06-26 04:36:42_
--------
*0e127942d2b21f0f50bb59b200354392*
`登陆天数: 34天 / 671天
等级: 130
石头: 4035
呼符: 37
体力: 29.206666666666663 / 138
友情点: 0 / 394935`
_2024-06-26 04:36:49_
--------
*9278fb48ad8e6de8eea81e0bacf56a50*
`登陆天数: 34天 / 671天
等级: 130
石头: 4050
呼符: 328
体力: 29.176666666666662 / 138
友情点: 0 / 395065`
_2024-06-26 04:36:57_
--------
*fccb293dd278a1ddbe1c4e640e5d8090*
`登陆天数: 34天 / 671天
等级: 130
石头: 4084
呼符: 47
体力: 29.150000000000006 / 138
友情点: 0 / 394425`
_2024-06-26 04:37:06_
--------
*e26c99efcc945ff9fce53bea9cbbd044*
`登陆天数: 34天 / 671天
等级: 130
石头: 4066
呼符: 152
体力: 29.11666666666666 / 138
友情点: 0 / 394595`
_2024-06-26 04:37:13_
--------
*fc7a7e0a25e6e85660990a6936b8a0f0*
`登陆天数: 34天 / 671天
等级: 130
石头: 4083
呼符: 307
体力: 29.090000000000003 / 138
友情点: 0 / 395775`
_2024-06-26 04:37:21_
--------
*cebfff55ba19ca3a7e5a1f3940a83ac0*
`登陆天数: 34天 / 671天
等级: 130
石头: 4078
呼符: 242
体力: 29.063333333333333 / 138
友情点: 0 / 393585`
_2024-06-26 04:37:29_
--------
*6767965d649129adb0955418f8601cee*
`登陆天数: 34天 / 671天
等级: 130
石头: 4076
呼符: 286
体力: 29.03333333333333 / 138
友情点: 0 / 397925`
_2024-06-26 04:37:37_
--------
*979aafaf82d347a492d0bbf372a5b43a*
`登陆天数: 34天 / 672天
等级: 130
石头: 4074
呼符: 38
体力: 29.00333333333333 / 138
友情点: 0 / 394405`
_2024-06-26 04:37:44_
--------
*2447b142c61b9ad7ceaac321c88153cb*
`登陆天数: 34天 / 672天
等级: 130
石头: 4077
呼符: 324
体力: 28.976666666666674 / 138
友情点: 0 / 393640`
_2024-06-26 04:37:52_
--------
*58e2bbca08853ce0bb8071a5e9d0ee89*
`登陆天数: 34天 / 671天
等级: 130
石头: 4069
呼符: 145
体力: 28.950000000000003 / 138
友情点: 0 / 393065`
_2024-06-26 04:38:00_
--------
*25d49ff78b6eb76ebd8cdee0b5df4e05*
`登陆天数: 34天 / 672天
等级: 130
石头: 4079
呼符: 206
体力: 28.923333333333332 / 138
友情点: 0 / 393655`
_2024-06-26 04:38:08_
--------
*d4e316ee7b1f93fb6a25aae62d13847d*
`登陆天数: 34天 / 672天
等级: 130
石头: 4074
呼符: 288
体力: 28.543333333333337 / 138
友情点: 0 / 411320`
_2024-06-26 04:38:16_
--------
