【登录信息】
*0a62c18e26790886093c447330334361*
`登陆天数: 35天 / 673天
等级: 130
石头: 4078
呼符: 54
体力: 31.239999999999995 / 138
友情点: 0 / 390205`
_2024-06-27 04:35:15_
--------
*794b11a146cf4e5bfd8bf1dfb37f8cf5*
`登陆天数: 35天 / 673天
等级: 130
石头: 4085
呼符: 318
体力: 31.206666666666663 / 138
友情点: 0 / 389575`
_2024-06-27 04:35:23_
--------
*869935bdb3f557990e9463c39a5fc84e*
`登陆天数: 35天 / 673天
等级: 130
石头: 4075
呼符: 324
体力: 31.176666666666662 / 138
友情点: 0 / 387460`
_2024-06-27 04:35:31_
--------
*4204891a7ad304e59437ba6e9fcf888d*
`登陆天数: 35天 / 673天
等级: 130
石头: 4083
呼符: 303
体力: 31.14666666666666 / 138
友情点: 0 / 388075`
_2024-06-27 04:35:39_
--------
*612a2ba04fa9b4b4eae112c013e39283*
`登陆天数: 35天 / 672天
等级: 130
石头: 4080
呼符: 38
体力: 31.11666666666666 / 138
友情点: 0 / 400590`
_2024-06-27 04:35:47_
--------
*e33b82ae8f432438164e3188479adfd4*
`登陆天数: 35天 / 672天
等级: 130
石头: 4031
呼符: 324
体力: 31.090000000000003 / 138
友情点: 0 / 388420`
_2024-06-27 04:35:55_
--------
*5cb3fc21ffde8ff97331bf2bc615f922*
`登陆天数: 35天 / 672天
等级: 130
石头: 4078
呼符: 106
体力: 31.056666666666672 / 138
友情点: 0 / 389555`
_2024-06-27 04:36:03_
--------
*1424fb88578fb0510168b43bdb942bdd*
`登陆天数: 35天 / 672天
等级: 130
石头: 4078
呼符: 72
体力: 31.03 / 138
友情点: 0 / 389355`
_2024-06-27 04:36:11_
--------
*2348592468fe7a90dffabbca982e5b10*
`登陆天数: 35天 / 672天
等级: 130
石头: 4077
呼符: 38
体力: 31.0 / 138
友情点: 0 / 390740`
_2024-06-27 04:36:19_
--------
*9b233ec48f0aebf215db9099f75e2314*
`登陆天数: 35天 / 673天
等级: 130
石头: 4071
呼符: 335
体力: 30.97 / 138
友情点: 0 / 388985`
_2024-06-27 04:36:27_
--------
*fd318cb78011cd5d1af546eeb7bb4b94*
`登陆天数: 35天 / 673天
等级: 130
石头: 4036
呼符: 332
体力: 30.939999999999998 / 138
友情点: 0 / 387750`
_2024-06-27 04:36:35_
--------
*692604e9941cbeec2b0b3ee54ae7804d*
`登陆天数: 35天 / 673天
等级: 130
石头: 4076
呼符: 269
体力: 30.906666666666666 / 138
友情点: 0 / 387675`
_2024-06-27 04:36:43_
--------
*19b0e1a2228ce591e28b0d022b6da1ca*
`登陆天数: 35天 / 673天
等级: 130
石头: 4081
呼符: 89
体力: 30.876666666666665 / 138
友情点: 0 / 390560`
_2024-06-27 04:36:51_
--------
*19ef3504c876bd29e4c5eb178d504bca*
`登陆天数: 35天 / 672天
等级: 130
石头: 4056
呼符: 280
体力: 30.843333333333334 / 138
友情点: 0 / 387950`
_2024-06-27 04:36:59_
--------
*5e2131975b61e566df8ab7d3533f01d2*
`登陆天数: 35天 / 672天
等级: 130
石头: 4079
呼符: 217
体力: 30.810000000000002 / 138
友情点: 0 / 388150`
_2024-06-27 04:37:07_
--------
*77183952f89cd2befcb60d93f6f3b0fb*
`登陆天数: 35天 / 672天
等级: 130
石头: 4075
呼符: 132
体力: 30.78 / 138
友情点: 0 / 387935`
_2024-06-27 04:37:15_
--------
*a2d111d33adad87037fe3d9ae11c00ef*
`登陆天数: 35天 / 672天
等级: 130
石头: 4077
呼符: 38
体力: 30.75 / 138
友情点: 0 / 388035`
_2024-06-27 04:37:23_
--------
*92b9264415d56def0af7b3d01e734896*
`登陆天数: 36天 / 674天
等级: 130
石头: 4084
呼符: 295
体力: 30.72 / 138
友情点: 0 / 389315`
_2024-06-27 04:37:30_
--------
*d95136c6a9962e3429ac9025bc2be43d*
`登陆天数: 36天 / 673天
等级: 130
石头: 4078
呼符: 174
体力: 30.689999999999998 / 138
友情点: 0 / 390440`
_2024-06-27 04:37:38_
--------
*c1903336d6a4a100128eb0db008e7338*
`登陆天数: 35天 / 673天
等级: 130
石头: 4069
呼符: 221
体力: 30.659999999999997 / 138
友情点: 0 / 390520`
_2024-06-27 04:37:46_
--------
*e86d748fa3290322649a8680760f0519*
`登陆天数: 35天 / 672天
等级: 130
石头: 4082
呼符: 185
体力: 30.626666666666665 / 138
友情点: 0 / 390190`
_2024-06-27 04:37:54_
--------
*25c4b0f5786e8cbae7de775e47ea797d*
`登陆天数: 35天 / 672天
等级: 130
石头: 4085
呼符: 131
体力: 30.599999999999994 / 138
友情点: 0 / 388295`
_2024-06-27 04:38:02_
--------
*c94f8fb36a40f6022e81c3fac4426aa0*
`登陆天数: 35天 / 672天
等级: 130
石头: 4059
呼符: 94
体力: 30.569999999999993 / 138
友情点: 0 / 390335`
_2024-06-27 04:38:10_
--------
*55ddef8f1bc8f01e1753b3e72dc30a5f*
`登陆天数: 35天 / 672天
等级: 130
石头: 4067
呼符: 324
体力: 30.540000000000006 / 138
友情点: 0 / 388505`
_2024-06-27 04:38:19_
--------
*16decacabe495a74848cfc1b7124673d*
`登陆天数: 35天 / 673天
等级: 130
石头: 4066
呼符: 299
体力: 30.50666666666666 / 138
友情点: 0 / 389800`
_2024-06-27 04:38:26_
--------
*f287e413d279c4ebbef4732751cab640*
`登陆天数: 35天 / 672天
等级: 130
石头: 4076
呼符: 167
体力: 30.476666666666674 / 138
友情点: 0 / 388750`
_2024-06-27 04:38:34_
--------
*57cf3a3a73d2edebd9f130be3d16efa8*
`登陆天数: 35天 / 672天
等级: 130
石头: 4079
呼符: 332
体力: 30.450000000000003 / 138
友情点: 0 / 388770`
_2024-06-27 04:38:42_
--------
*d350c31765994643f0e6ddea1e9d06bc*
`登陆天数: 35天 / 672天
等级: 130
石头: 4075
呼符: 58
体力: 30.41666666666667 / 138
友情点: 0 / 387985`
_2024-06-27 04:38:50_
--------
*4e55cf445ee0c2ef6253265cd6a3a929*
`登陆天数: 35天 / 673天
等级: 130
石头: 4059
呼符: 275
体力: 30.38666666666667 / 138
友情点: 0 / 390230`
_2024-06-27 04:38:57_
--------
*dad5adc84ce5abe077fda114f16a9d05*
`登陆天数: 35天 / 673天
等级: 130
石头: 4071
呼符: 334
体力: 30.35666666666667 / 138
友情点: 0 / 388680`
_2024-06-27 04:39:05_
--------
*921d1c4ed87ac1ab10c1b0a04bd2c8ed*
`登陆天数: 35天 / 672天
等级: 130
石头: 4078
呼符: 200
体力: 30.326666666666668 / 138
友情点: 0 / 389000`
_2024-06-27 04:39:13_
--------
*40f3d861aee0cf84d4a0840d8c372a5b*
`登陆天数: 35天 / 673天
等级: 130
石头: 4082
呼符: 39
体力: 30.296666666666667 / 138
友情点: 0 / 387945`
_2024-06-27 04:39:21_
--------
*603275524416c3912f5024c92d0f961c*
`登陆天数: 35天 / 673天
等级: 130
石头: 4075
呼符: 123
体力: 30.266666666666666 / 138
友情点: 0 / 387960`
_2024-06-27 04:39:29_
--------
*8bf7f0b496e73e90108108064c8d1025*
`登陆天数: 35天 / 673天
等级: 130
石头: 4082
呼符: 320
体力: 30.236666666666665 / 138
友情点: 0 / 388470`
_2024-06-27 04:39:37_
--------
*b38de19acd62fb60fb8f48094a7e6813*
`登陆天数: 35天 / 672天
等级: 130
石头: 4068
呼符: 278
体力: 30.206666666666663 / 138
友情点: 0 / 389815`
_2024-06-27 04:39:45_
--------
*f6068f076a4e7f9a194989fc309aa340*
`登陆天数: 35天 / 673天
等级: 130
石头: 4075
呼符: 301
体力: 30.180000000000007 / 138
友情点: 0 / 390150`
_2024-06-27 04:39:53_
--------
*3d3c0c635910338891ca3735b496d68b*
`登陆天数: 35天 / 673天
等级: 130
石头: 4081
呼符: 265
体力: 30.150000000000006 / 138
友情点: 0 / 389440`
_2024-06-27 04:40:01_
--------
*f85936368c865168333f51d37af18328*
`登陆天数: 35天 / 672天
等级: 130
石头: 4083
呼符: 306
体力: 30.123333333333335 / 138
友情点: 0 / 388415`
_2024-06-27 04:40:09_
--------
*0e127942d2b21f0f50bb59b200354392*
`登陆天数: 35天 / 672天
等级: 130
石头: 4035
呼符: 38
体力: 30.093333333333334 / 138
友情点: 0 / 388935`
_2024-06-27 04:40:17_
--------
*9278fb48ad8e6de8eea81e0bacf56a50*
`登陆天数: 35天 / 672天
等级: 130
石头: 4050
呼符: 329
体力: 30.066666666666663 / 138
友情点: 0 / 389065`
_2024-06-27 04:40:25_
--------
*fccb293dd278a1ddbe1c4e640e5d8090*
`登陆天数: 35天 / 672天
等级: 130
石头: 4084
呼符: 48
体力: 30.03666666666666 / 138
友情点: 0 / 388425`
_2024-06-27 04:40:33_
--------
*e26c99efcc945ff9fce53bea9cbbd044*
`登陆天数: 35天 / 672天
等级: 130
石头: 4066
呼符: 153
体力: 30.010000000000005 / 138
友情点: 0 / 388595`
_2024-06-27 04:40:41_
--------
*fc7a7e0a25e6e85660990a6936b8a0f0*
`登陆天数: 35天 / 672天
等级: 130
石头: 4083
呼符: 308
体力: 29.980000000000004 / 138
友情点: 0 / 389775`
_2024-06-27 04:40:48_
--------
*cebfff55ba19ca3a7e5a1f3940a83ac0*
`登陆天数: 35天 / 672天
等级: 130
石头: 4078
呼符: 243
体力: 29.950000000000003 / 138
友情点: 0 / 387585`
_2024-06-27 04:40:56_
--------
*6767965d649129adb0955418f8601cee*
`登陆天数: 35天 / 672天
等级: 130
石头: 4076
呼符: 287
体力: 29.92 / 138
友情点: 0 / 391925`
_2024-06-27 04:41:04_
--------
*979aafaf82d347a492d0bbf372a5b43a*
`登陆天数: 35天 / 673天
等级: 130
石头: 4074
呼符: 39
体力: 29.89333333333333 / 138
友情点: 0 / 390405`
_2024-06-27 04:41:12_
--------
*2447b142c61b9ad7ceaac321c88153cb*
`登陆天数: 35天 / 673天
等级: 130
石头: 4077
呼符: 325
体力: 29.86333333333333 / 138
友情点: 0 / 387640`
_2024-06-27 04:41:20_
--------
*58e2bbca08853ce0bb8071a5e9d0ee89*
`登陆天数: 35天 / 672天
等级: 130
石头: 4069
呼符: 146
体力: 29.83333333333333 / 138
友情点: 0 / 387065`
_2024-06-27 04:41:29_
--------
*25d49ff78b6eb76ebd8cdee0b5df4e05*
`登陆天数: 35天 / 673天
等级: 130
石头: 4079
呼符: 207
体力: 29.799999999999997 / 138
友情点: 0 / 387655`
_2024-06-27 04:41:37_
--------
*d4e316ee7b1f93fb6a25aae62d13847d*
`登陆天数: 35天 / 673天
等级: 130
石头: 4074
呼符: 289
体力: 29.599999999999994 / 138
友情点: 0 / 405320`
_2024-06-27 04:41:45_
--------
