【登录信息】
*0a62c18e26790886093c447330334361*
`登陆天数: 37天 / 675天
等级: 130
石头: 4098
呼符: 54
体力: 25.956666666666663 / 138
友情点: 0 / 386205`
_2024-06-29 04:08:54_
--------
*794b11a146cf4e5bfd8bf1dfb37f8cf5*
`登陆天数: 37天 / 675天
等级: 130
石头: 4105
呼符: 318
体力: 25.926666666666662 / 138
友情点: 0 / 379575`
_2024-06-29 04:09:02_
--------
*869935bdb3f557990e9463c39a5fc84e*
`登陆天数: 37天 / 675天
等级: 130
石头: 4095
呼符: 324
体力: 25.89666666666666 / 138
友情点: 0 / 377460`
_2024-06-29 04:09:10_
--------
*4204891a7ad304e59437ba6e9fcf888d*
`登陆天数: 37天 / 675天
等级: 130
石头: 4103
呼符: 303
体力: 25.86666666666666 / 138
友情点: 0 / 378075`
_2024-06-29 04:09:19_
--------
*612a2ba04fa9b4b4eae112c013e39283*
`登陆天数: 37天 / 674天
等级: 130
石头: 4100
呼符: 38
体力: 25.836666666666673 / 138
友情点: 0 / 402590`
_2024-06-29 04:09:27_
--------
*e33b82ae8f432438164e3188479adfd4*
`登陆天数: 37天 / 674天
等级: 130
石头: 4051
呼符: 324
体力: 25.810000000000002 / 138
友情点: 0 / 380420`
_2024-06-29 04:09:35_
--------
*5cb3fc21ffde8ff97331bf2bc615f922*
`登陆天数: 37天 / 674天
等级: 130
石头: 4098
呼符: 106
体力: 25.78666666666666 / 138
友情点: 0 / 381555`
_2024-06-29 04:09:43_
--------
*1424fb88578fb0510168b43bdb942bdd*
`登陆天数: 37天 / 674天
等级: 130
石头: 4098
呼符: 72
体力: 25.75333333333333 / 138
友情点: 0 / 387355`
_2024-06-29 04:09:51_
--------
*2348592468fe7a90dffabbca982e5b10*
`登陆天数: 37天 / 674天
等级: 130
石头: 4097
呼符: 38
体力: 25.726666666666674 / 138
友情点: 0 / 386740`
_2024-06-29 04:10:00_
--------
*9b233ec48f0aebf215db9099f75e2314*
`登陆天数: 37天 / 675天
等级: 130
石头: 4091
呼符: 335
体力: 25.696666666666673 / 138
友情点: 0 / 378985`
_2024-06-29 04:10:08_
--------
*fd318cb78011cd5d1af546eeb7bb4b94*
`登陆天数: 37天 / 675天
等级: 130
石头: 4056
呼符: 332
体力: 25.67 / 138
友情点: 0 / 377750`
_2024-06-29 04:10:16_
--------
*692604e9941cbeec2b0b3ee54ae7804d*
`登陆天数: 37天 / 675天
等级: 130
石头: 4096
呼符: 269
体力: 25.64 / 138
友情点: 0 / 377675`
_2024-06-29 04:10:24_
--------
*19b0e1a2228ce591e28b0d022b6da1ca*
`登陆天数: 37天 / 675天
等级: 130
石头: 4101
呼符: 89
体力: 25.60333333333334 / 138
友情点: 0 / 392560`
_2024-06-29 04:10:32_
--------
*19ef3504c876bd29e4c5eb178d504bca*
`登陆天数: 37天 / 674天
等级: 130
石头: 4076
呼符: 280
体力: 25.573333333333338 / 138
友情点: 0 / 377950`
_2024-06-29 04:10:40_
--------
*5e2131975b61e566df8ab7d3533f01d2*
`登陆天数: 37天 / 674天
等级: 130
石头: 4099
呼符: 217
体力: 25.540000000000006 / 138
友情点: 0 / 378150`
_2024-06-29 04:10:48_
--------
*77183952f89cd2befcb60d93f6f3b0fb*
`登陆天数: 37天 / 674天
等级: 130
石头: 4095
呼符: 132
体力: 25.510000000000005 / 138
友情点: 0 / 381935`
_2024-06-29 04:10:57_
--------
*a2d111d33adad87037fe3d9ae11c00ef*
`登陆天数: 37天 / 674天
等级: 130
石头: 4097
呼符: 38
体力: 25.486666666666665 / 138
友情点: 0 / 390035`
_2024-06-29 04:11:05_
--------
*92b9264415d56def0af7b3d01e734896*
`登陆天数: 38天 / 676天
等级: 130
石头: 4104
呼符: 295
体力: 25.456666666666663 / 138
友情点: 0 / 377315`
_2024-06-29 04:11:13_
--------
*d95136c6a9962e3429ac9025bc2be43d*
`登陆天数: 38天 / 675天
等级: 130
石头: 4098
呼符: 174
体力: 25.426666666666662 / 138
友情点: 0 / 378440`
_2024-06-29 04:11:21_
--------
*c1903336d6a4a100128eb0db008e7338*
`登陆天数: 37天 / 675天
等级: 130
石头: 4089
呼符: 221
体力: 25.39666666666666 / 138
友情点: 0 / 380520`
_2024-06-29 04:11:29_
--------
*e86d748fa3290322649a8680760f0519*
`登陆天数: 37天 / 674天
等级: 130
石头: 4102
呼符: 185
体力: 25.370000000000005 / 138
友情点: 0 / 380190`
_2024-06-29 04:11:37_
--------
*25c4b0f5786e8cbae7de775e47ea797d*
`登陆天数: 37天 / 674天
等级: 130
石头: 4105
呼符: 131
体力: 25.340000000000003 / 138
友情点: 0 / 380295`
_2024-06-29 04:11:46_
--------
*c94f8fb36a40f6022e81c3fac4426aa0*
`登陆天数: 37天 / 674天
等级: 130
石头: 4079
呼符: 94
体力: 25.310000000000002 / 138
友情点: 0 / 380335`
_2024-06-29 04:11:54_
--------
*55ddef8f1bc8f01e1753b3e72dc30a5f*
`登陆天数: 37天 / 674天
等级: 130
石头: 4087
呼符: 324
体力: 25.28666666666666 / 138
友情点: 0 / 378505`
_2024-06-29 04:12:02_
--------
*16decacabe495a74848cfc1b7124673d*
`登陆天数: 37天 / 675天
等级: 130
石头: 4086
呼符: 299
体力: 25.25666666666666 / 138
友情点: 0 / 379800`
_2024-06-29 04:12:10_
--------
*f287e413d279c4ebbef4732751cab640*
`登陆天数: 37天 / 674天
等级: 130
石头: 4096
呼符: 167
体力: 25.226666666666674 / 138
友情点: 0 / 378750`
_2024-06-29 04:12:19_
--------
*57cf3a3a73d2edebd9f130be3d16efa8*
`登陆天数: 37天 / 674天
等级: 130
石头: 4099
呼符: 332
体力: 25.203333333333333 / 138
友情点: 0 / 378770`
_2024-06-29 04:12:27_
--------
*d350c31765994643f0e6ddea1e9d06bc*
`登陆天数: 37天 / 674天
等级: 130
石头: 4095
呼符: 58
体力: 25.173333333333332 / 138
友情点: 0 / 383985`
_2024-06-29 04:12:35_
--------
*4e55cf445ee0c2ef6253265cd6a3a929*
`登陆天数: 37天 / 675天
等级: 130
石头: 4079
呼符: 275
体力: 25.14666666666666 / 138
友情点: 0 / 380230`
_2024-06-29 04:12:43_
--------
*dad5adc84ce5abe077fda114f16a9d05*
`登陆天数: 37天 / 675天
等级: 130
石头: 4091
呼符: 334
体力: 25.11666666666666 / 138
友情点: 0 / 378680`
_2024-06-29 04:12:52_
--------
*921d1c4ed87ac1ab10c1b0a04bd2c8ed*
`登陆天数: 37天 / 674天
等级: 130
石头: 4098
呼符: 200
体力: 25.090000000000003 / 138
友情点: 0 / 379000`
_2024-06-29 04:13:00_
--------
*40f3d861aee0cf84d4a0840d8c372a5b*
`登陆天数: 37天 / 675天
等级: 130
石头: 4102
呼符: 39
体力: 25.066666666666663 / 138
友情点: 0 / 383945`
_2024-06-29 04:13:09_
--------
*603275524416c3912f5024c92d0f961c*
`登陆天数: 37天 / 675天
等级: 130
石头: 4095
呼符: 123
体力: 25.03666666666666 / 138
友情点: 0 / 377960`
_2024-06-29 04:13:17_
--------
*8bf7f0b496e73e90108108064c8d1025*
`登陆天数: 37天 / 675天
等级: 130
石头: 4102
呼符: 320
体力: 25.00666666666666 / 138
友情点: 0 / 378470`
_2024-06-29 04:13:25_
--------
*b38de19acd62fb60fb8f48094a7e6813*
`登陆天数: 37天 / 674天
等级: 130
石头: 4088
呼符: 278
体力: 24.976666666666674 / 138
友情点: 0 / 379815`
_2024-06-29 04:13:33_
--------
*f6068f076a4e7f9a194989fc309aa340*
`登陆天数: 37天 / 675天
等级: 130
石头: 4095
呼符: 301
体力: 24.950000000000003 / 138
友情点: 0 / 380150`
_2024-06-29 04:13:41_
--------
*3d3c0c635910338891ca3735b496d68b*
`登陆天数: 37天 / 675天
等级: 130
石头: 4101
呼符: 265
体力: 24.91666666666667 / 138
友情点: 0 / 379440`
_2024-06-29 04:13:50_
--------
*f85936368c865168333f51d37af18328*
`登陆天数: 37天 / 674天
等级: 130
石头: 4103
呼符: 306
体力: 24.89 / 138
友情点: 0 / 378415`
_2024-06-29 04:13:58_
--------
*0e127942d2b21f0f50bb59b200354392*
`登陆天数: 37天 / 674天
等级: 130
石头: 4055
呼符: 38
体力: 24.86333333333333 / 138
友情点: 0 / 382935`
_2024-06-29 04:14:06_
--------
*9278fb48ad8e6de8eea81e0bacf56a50*
`登陆天数: 37天 / 674天
等级: 130
石头: 4070
呼符: 329
体力: 24.836666666666673 / 138
友情点: 0 / 379065`
_2024-06-29 04:14:15_
--------
*fccb293dd278a1ddbe1c4e640e5d8090*
`登陆天数: 37天 / 674天
等级: 130
石头: 4104
呼符: 48
体力: 24.806666666666672 / 138
友情点: 0 / 384425`
_2024-06-29 04:14:23_
--------
*e26c99efcc945ff9fce53bea9cbbd044*
`登陆天数: 37天 / 674天
等级: 130
石头: 4086
呼符: 153
体力: 24.78 / 138
友情点: 0 / 378595`
_2024-06-29 04:14:31_
--------
*fc7a7e0a25e6e85660990a6936b8a0f0*
`登陆天数: 37天 / 674天
等级: 130
石头: 4103
呼符: 308
体力: 24.75333333333333 / 138
友情点: 0 / 379775`
_2024-06-29 04:14:39_
--------
*cebfff55ba19ca3a7e5a1f3940a83ac0*
`登陆天数: 37天 / 674天
等级: 130
石头: 4098
呼符: 243
体力: 24.72333333333333 / 138
友情点: 0 / 379585`
_2024-06-29 04:14:47_
--------
*6767965d649129adb0955418f8601cee*
`登陆天数: 37天 / 674天
等级: 130
石头: 4096
呼符: 287
体力: 24.703333333333333 / 138
友情点: 0 / 383925`
_2024-06-29 04:14:55_
--------
*979aafaf82d347a492d0bbf372a5b43a*
`登陆天数: 37天 / 675天
等级: 130
石头: 4094
呼符: 39
体力: 24.680000000000007 / 138
友情点: 0 / 392405`
_2024-06-29 04:15:03_
--------
*2447b142c61b9ad7ceaac321c88153cb*
`登陆天数: 37天 / 675天
等级: 130
石头: 4097
呼符: 325
体力: 24.656666666666666 / 138
友情点: 0 / 377640`
_2024-06-29 04:15:12_
--------
*58e2bbca08853ce0bb8071a5e9d0ee89*
`登陆天数: 37天 / 674天
等级: 130
石头: 4089
呼符: 146
体力: 24.629999999999995 / 138
友情点: 0 / 385065`
_2024-06-29 04:15:20_
--------
*25d49ff78b6eb76ebd8cdee0b5df4e05*
`登陆天数: 37天 / 675天
等级: 130
石头: 4099
呼符: 207
体力: 24.60333333333334 / 138
友情点: 0 / 377655`
_2024-06-29 04:15:28_
--------
*d4e316ee7b1f93fb6a25aae62d13847d*
`登陆天数: 37天 / 675天
等级: 130
石头: 4094
呼符: 289
体力: 24.123333333333335 / 138
友情点: 0 / 395320`
_2024-06-29 04:15:36_
--------
