【登录信息】
*0a62c18e26790886093c447330334361*
`登陆天数: 38天 / 676天
等级: 130
石头: 4098
呼符: 54
体力: 25.436666666666667 / 138
友情点: 0 / 386205`
_2024-06-30 04:07:45_
--------
*794b11a146cf4e5bfd8bf1dfb37f8cf5*
`登陆天数: 38天 / 676天
等级: 130
石头: 4105
呼符: 318
体力: 25.403333333333336 / 138
友情点: 0 / 373575`
_2024-06-30 04:07:53_
--------
*869935bdb3f557990e9463c39a5fc84e*
`登陆天数: 38天 / 676天
等级: 130
石头: 4095
呼符: 324
体力: 25.373333333333335 / 138
友情点: 0 / 371460`
_2024-06-30 04:08:02_
--------
*4204891a7ad304e59437ba6e9fcf888d*
`登陆天数: 38天 / 676天
等级: 130
石头: 4103
呼符: 303
体力: 25.343333333333334 / 138
友情点: 0 / 372075`
_2024-06-30 04:08:10_
--------
*612a2ba04fa9b4b4eae112c013e39283*
`登陆天数: 38天 / 675天
等级: 130
石头: 4100
呼符: 38
体力: 25.310000000000002 / 138
友情点: 0 / 402590`
_2024-06-30 04:08:18_
--------
*e33b82ae8f432438164e3188479adfd4*
`登陆天数: 38天 / 675天
等级: 130
石头: 4051
呼符: 324
体力: 25.28666666666666 / 138
友情点: 0 / 374420`
_2024-06-30 04:08:26_
--------
*5cb3fc21ffde8ff97331bf2bc615f922*
`登陆天数: 38天 / 675天
等级: 130
石头: 4098
呼符: 106
体力: 25.25666666666666 / 138
友情点: 0 / 381555`
_2024-06-30 04:08:34_
--------
*1424fb88578fb0510168b43bdb942bdd*
`登陆天数: 38天 / 675天
等级: 130
石头: 4098
呼符: 72
体力: 25.233333333333334 / 138
友情点: 0 / 387355`
_2024-06-30 04:08:43_
--------
*2348592468fe7a90dffabbca982e5b10*
`登陆天数: 38天 / 675天
等级: 130
石头: 4097
呼符: 38
体力: 25.203333333333333 / 138
友情点: 0 / 386740`
_2024-06-30 04:08:51_
--------
*9b233ec48f0aebf215db9099f75e2314*
`登陆天数: 38天 / 676天
等级: 130
石头: 4091
呼符: 335
体力: 25.173333333333332 / 138
友情点: 0 / 372985`
_2024-06-30 04:08:59_
--------
*fd318cb78011cd5d1af546eeb7bb4b94*
`登陆天数: 38天 / 676天
等级: 130
石头: 4056
呼符: 332
体力: 25.14666666666666 / 138
友情点: 0 / 371750`
_2024-06-30 04:09:07_
--------
*692604e9941cbeec2b0b3ee54ae7804d*
`登陆天数: 38天 / 676天
等级: 130
石头: 4096
呼符: 269
体力: 25.11666666666666 / 138
友情点: 0 / 371675`
_2024-06-30 04:09:15_
--------
*19b0e1a2228ce591e28b0d022b6da1ca*
`登陆天数: 38天 / 676天
等级: 130
石头: 4101
呼符: 89
体力: 25.086666666666673 / 138
友情点: 0 / 392560`
_2024-06-30 04:09:24_
--------
*19ef3504c876bd29e4c5eb178d504bca*
`登陆天数: 38天 / 675天
等级: 130
石头: 4076
呼符: 280
体力: 25.056666666666672 / 138
友情点: 0 / 371950`
_2024-06-30 04:09:32_
--------
*5e2131975b61e566df8ab7d3533f01d2*
`登陆天数: 38天 / 675天
等级: 130
石头: 4099
呼符: 217
体力: 25.03 / 138
友情点: 0 / 372150`
_2024-06-30 04:09:40_
--------
*77183952f89cd2befcb60d93f6f3b0fb*
`登陆天数: 38天 / 675天
等级: 130
石头: 4095
呼符: 132
体力: 25.0 / 138
友情点: 0 / 381935`
_2024-06-30 04:09:48_
--------
*a2d111d33adad87037fe3d9ae11c00ef*
`登陆天数: 38天 / 675天
等级: 130
石头: 4097
呼符: 38
体力: 24.97 / 138
友情点: 0 / 390035`
_2024-06-30 04:09:57_
--------
*92b9264415d56def0af7b3d01e734896*
`登陆天数: 39天 / 677天
等级: 130
石头: 4105
呼符: 295
体力: 24.943333333333328 / 138
友情点: 0 / 371315`
_2024-06-30 04:10:05_
--------
*d95136c6a9962e3429ac9025bc2be43d*
`登陆天数: 39天 / 676天
等级: 130
石头: 4099
呼符: 174
体力: 24.913333333333327 / 138
友情点: 0 / 372440`
_2024-06-30 04:10:13_
--------
*c1903336d6a4a100128eb0db008e7338*
`登陆天数: 38天 / 676天
等级: 130
石头: 4089
呼符: 221
体力: 24.88333333333334 / 138
友情点: 0 / 374520`
_2024-06-30 04:10:21_
--------
*e86d748fa3290322649a8680760f0519*
`登陆天数: 38天 / 675天
等级: 130
石头: 4102
呼符: 185
体力: 24.849999999999994 / 138
友情点: 0 / 374190`
_2024-06-30 04:10:29_
--------
*25c4b0f5786e8cbae7de775e47ea797d*
`登陆天数: 38天 / 675天
等级: 130
石头: 4105
呼符: 131
体力: 24.819999999999993 / 138
友情点: 0 / 380295`
_2024-06-30 04:10:37_
--------
*c94f8fb36a40f6022e81c3fac4426aa0*
`登陆天数: 38天 / 675天
等级: 130
石头: 4079
呼符: 94
体力: 24.790000000000006 / 138
友情点: 0 / 378335`
_2024-06-30 04:10:46_
--------
*55ddef8f1bc8f01e1753b3e72dc30a5f*
`登陆天数: 38天 / 675天
等级: 130
石头: 4087
呼符: 324
体力: 24.763333333333335 / 138
友情点: 0 / 372505`
_2024-06-30 04:10:54_
--------
*16decacabe495a74848cfc1b7124673d*
`登陆天数: 38天 / 676天
等级: 130
石头: 4086
呼符: 299
体力: 24.733333333333334 / 138
友情点: 0 / 373800`
_2024-06-30 04:11:02_
--------
*f287e413d279c4ebbef4732751cab640*
`登陆天数: 38天 / 675天
等级: 130
石头: 4096
呼符: 167
体力: 24.703333333333333 / 138
友情点: 0 / 372750`
_2024-06-30 04:11:10_
--------
*57cf3a3a73d2edebd9f130be3d16efa8*
`登陆天数: 38天 / 675天
等级: 130
石头: 4099
呼符: 332
体力: 24.673333333333332 / 138
友情点: 0 / 372770`
_2024-06-30 04:11:18_
--------
*d350c31765994643f0e6ddea1e9d06bc*
`登陆天数: 38天 / 675天
等级: 130
石头: 4095
呼符: 58
体力: 24.64666666666666 / 138
友情点: 0 / 383985`
_2024-06-30 04:11:26_
--------
*4e55cf445ee0c2ef6253265cd6a3a929*
`登陆天数: 38天 / 676天
等级: 130
石头: 4079
呼符: 275
体力: 24.61666666666666 / 138
友情点: 0 / 374230`
_2024-06-30 04:11:34_
--------
*dad5adc84ce5abe077fda114f16a9d05*
`登陆天数: 38天 / 676天
等级: 130
石头: 4091
呼符: 334
体力: 24.586666666666673 / 138
友情点: 0 / 372680`
_2024-06-30 04:11:42_
--------
*921d1c4ed87ac1ab10c1b0a04bd2c8ed*
`登陆天数: 38天 / 675天
等级: 130
石头: 4098
呼符: 200
体力: 24.560000000000002 / 138
友情点: 0 / 373000`
_2024-06-30 04:11:50_
--------
*40f3d861aee0cf84d4a0840d8c372a5b*
`登陆天数: 38天 / 676天
等级: 130
石头: 4102
呼符: 39
体力: 24.53333333333333 / 138
友情点: 0 / 383945`
_2024-06-30 04:11:59_
--------
*603275524416c3912f5024c92d0f961c*
`登陆天数: 38天 / 676天
等级: 130
石头: 4095
呼符: 123
体力: 24.5 / 138
友情点: 0 / 371960`
_2024-06-30 04:12:07_
--------
*8bf7f0b496e73e90108108064c8d1025*
`登陆天数: 38天 / 676天
等级: 130
石头: 4102
呼符: 320
体力: 24.47 / 138
友情点: 0 / 372470`
_2024-06-30 04:12:15_
--------
*b38de19acd62fb60fb8f48094a7e6813*
`登陆天数: 38天 / 675天
等级: 130
石头: 4088
呼符: 278
体力: 24.443333333333328 / 138
友情点: 0 / 373815`
_2024-06-30 04:12:24_
--------
*f6068f076a4e7f9a194989fc309aa340*
`登陆天数: 38天 / 676天
等级: 130
石头: 4095
呼符: 301
体力: 24.41666666666667 / 138
友情点: 0 / 374150`
_2024-06-30 04:12:32_
--------
*3d3c0c635910338891ca3735b496d68b*
`登陆天数: 38天 / 676天
等级: 130
石头: 4101
呼符: 265
体力: 24.38666666666667 / 138
友情点: 0 / 373440`
_2024-06-30 04:12:40_
--------
*f85936368c865168333f51d37af18328*
`登陆天数: 38天 / 675天
等级: 130
石头: 4103
呼符: 306
体力: 24.36 / 138
友情点: 0 / 372415`
_2024-06-30 04:12:48_
--------
*0e127942d2b21f0f50bb59b200354392*
`登陆天数: 38天 / 675天
等级: 130
石头: 4055
呼符: 38
体力: 24.33 / 138
友情点: 0 / 382935`
_2024-06-30 04:12:56_
--------
*9278fb48ad8e6de8eea81e0bacf56a50*
`登陆天数: 38天 / 675天
等级: 130
石头: 4070
呼符: 329
体力: 24.306666666666672 / 138
友情点: 0 / 373065`
_2024-06-30 04:13:05_
--------
*fccb293dd278a1ddbe1c4e640e5d8090*
`登陆天数: 38天 / 675天
等级: 130
石头: 4104
呼符: 48
体力: 24.27666666666667 / 138
友情点: 0 / 384425`
_2024-06-30 04:13:13_
--------
*e26c99efcc945ff9fce53bea9cbbd044*
`登陆天数: 38天 / 675天
等级: 130
石头: 4086
呼符: 153
体力: 24.24666666666667 / 138
友情点: 0 / 372595`
_2024-06-30 04:13:21_
--------
*fc7a7e0a25e6e85660990a6936b8a0f0*
`登陆天数: 38天 / 675天
等级: 130
石头: 4103
呼符: 308
体力: 24.22 / 138
友情点: 0 / 373775`
_2024-06-30 04:13:29_
--------
*cebfff55ba19ca3a7e5a1f3940a83ac0*
`登陆天数: 38天 / 675天
等级: 130
石头: 4098
呼符: 243
体力: 24.186666666666667 / 138
友情点: 0 / 373585`
_2024-06-30 04:13:38_
--------
*6767965d649129adb0955418f8601cee*
`登陆天数: 38天 / 675天
等级: 130
石头: 4096
呼符: 287
体力: 24.156666666666666 / 138
友情点: 0 / 377925`
_2024-06-30 04:13:46_
--------
*979aafaf82d347a492d0bbf372a5b43a*
`登陆天数: 38天 / 676天
等级: 130
石头: 4094
呼符: 39
体力: 24.126666666666665 / 138
友情点: 0 / 392405`
_2024-06-30 04:13:54_
--------
*2447b142c61b9ad7ceaac321c88153cb*
`登陆天数: 38天 / 676天
等级: 130
石头: 4097
呼符: 325
体力: 24.096666666666664 / 138
友情点: 0 / 371640`
_2024-06-30 04:14:02_
--------
*58e2bbca08853ce0bb8071a5e9d0ee89*
`登陆天数: 38天 / 675天
等级: 130
石头: 4089
呼符: 146
体力: 24.066666666666663 / 138
友情点: 0 / 385065`
_2024-06-30 04:14:10_
--------
*25d49ff78b6eb76ebd8cdee0b5df4e05*
`登陆天数: 38天 / 676天
等级: 130
石头: 4099
呼符: 207
体力: 24.040000000000006 / 138
友情点: 0 / 371655`
_2024-06-30 04:14:19_
--------
*d4e316ee7b1f93fb6a25aae62d13847d*
`登陆天数: 38天 / 676天
等级: 130
石头: 4094
呼符: 289
体力: 23.843333333333334 / 138
友情点: 0 / 389320`
_2024-06-30 04:14:27_
--------
